#
# There is insufficient memory for the Java Runtime Environment to continue.
# Native memory allocation (malloc) failed to allocate 1685776 bytes for Chunk::new
# Possible reasons:
#   The system is out of physical RAM or swap space
#   The process is running with CompressedOops enabled, and the Java Heap may be blocking the growth of the native heap
# Possible solutions:
#   Reduce memory load on the system
#   Increase physical memory or swap space
#   Check if swap backing store is full
#   Decrease Java heap size (-Xmx/-Xms)
#   Decrease number of Java threads
#   Decrease Java thread stack sizes (-Xss)
#   Set larger code cache with -XX:ReservedCodeCacheSize=
#   JVM is running with Unscaled Compressed Oops mode in which the Java heap is
#     placed in the first 4GB address space. The Java Heap base address is the
#     maximum limit for the native heap growth. Please use -XX:HeapBaseMinAddress
#     to set the Java Heap base and to place the Java Heap above 4GB virtual address.
# This output file may be truncated or incomplete.
#
#  Out of Memory Error (./src/hotspot/share/memory/arena.cpp:197), pid=1644, tid=7992
#
# JRE version: OpenJDK Runtime Environment (11.0.11+9) (build 11.0.11+9-b60-7590822)
# Java VM: OpenJDK 64-Bit Server VM (11.0.11+9-b60-7590822, mixed mode, tiered, compressed oops, g1 gc, windows-amd64)
# No core dump will be written. Minidumps are not enabled by default on client versions of Windows
#

---------------  S U M M A R Y ------------

Command Line: --add-opens=java.base/java.util=ALL-UNNAMED --add-opens=java.base/java.lang=ALL-UNNAMED --add-opens=java.base/java.lang.invoke=ALL-UNNAMED --add-opens=java.base/java.util=ALL-UNNAMED --add-opens=java.prefs/java.util.prefs=ALL-UNNAMED --add-opens=java.prefs/java.util.prefs=ALL-UNNAMED --add-opens=java.base/java.nio.charset=ALL-UNNAMED --add-opens=java.base/java.net=ALL-UNNAMED --add-opens=java.base/java.util.concurrent.atomic=ALL-UNNAMED -Xmx1536m -Dfile.encoding=windows-1252 -Duser.country=US -Duser.language=en -Duser.variant org.gradle.launcher.daemon.bootstrap.GradleDaemon 7.2

Host: Intel(R) Core(TM) i3-8130U CPU @ 2.20GHz, 4 cores, 7G,  Windows 10 , 64 bit Build 18362 (10.0.18362.329)
Time: Tue Aug 29 13:38:02 2023 E. Africa Standard Time elapsed time: 369.299745 seconds (0d 0h 6m 9s)

---------------  T H R E A D  ---------------

Current thread (0x0000021dd6cd1000):  JavaThread "C2 CompilerThread0" daemon [_thread_in_native, id=7992, stack(0x0000008792e00000,0x0000008792f00000)]


Current CompileTask:
C2: 369299 13745 %     4       com.android.tools.r8.internal.mH0::a @ 2572 (6068 bytes)

Stack: [0x0000008792e00000,0x0000008792f00000]
Native frames: (J=compiled Java code, j=interpreted, Vv=VM code, C=native code)
V  [jvm.dll+0x5f214a]
V  [jvm.dll+0x726fb5]
V  [jvm.dll+0x7285cd]
V  [jvm.dll+0x728c83]
V  [jvm.dll+0x243278]
V  [jvm.dll+0xbc53c]
V  [jvm.dll+0xbca3c]
V  [jvm.dll+0x353e3b]
V  [jvm.dll+0x321893]
V  [jvm.dll+0x320d8a]
V  [jvm.dll+0x1fc1e2]
V  [jvm.dll+0x1fb3d4]
V  [jvm.dll+0x183d6c]
V  [jvm.dll+0x209a57]
V  [jvm.dll+0x2082a1]
V  [jvm.dll+0x6ef58f]
V  [jvm.dll+0x6e80b5]
V  [jvm.dll+0x5f1036]
C  [ucrtbase.dll+0x20e72]
C  [KERNEL32.DLL+0x17bd4]
C  [ntdll.dll+0x6ced1]


---------------  P R O C E S S  ---------------

Threads class SMR info:
_java_thread_list=0x0000021ddd3cdf00, length=90, elements={
0x0000021dbdb6f800, 0x0000021dd0780000, 0x0000021dd0789800, 0x0000021dd6cc4800,
0x0000021dd6cc7000, 0x0000021dd6cca000, 0x0000021dd6cd1000, 0x0000021dd6cd2000,
0x0000021dd0798800, 0x0000021dd6e36800, 0x0000021dd8c59800, 0x0000021dd8500800,
0x0000021dd7781800, 0x0000021dd88a8000, 0x0000021dd76bd000, 0x0000021dd83e3800,
0x0000021dd83e5800, 0x0000021dd77fc000, 0x0000021dd8614000, 0x0000021dd8617000,
0x0000021dd8618000, 0x0000021dd8612800, 0x0000021dd8619000, 0x0000021dd8616800,
0x0000021dd8613000, 0x0000021dd8614800, 0x0000021dd8615800, 0x0000021ddae22000,
0x0000021ddae1f800, 0x0000021ddae23000, 0x0000021ddae1e000, 0x0000021ddae25000,
0x0000021ddae26000, 0x0000021ddae27000, 0x0000021ddae21000, 0x0000021ddae2c800,
0x0000021ddae27800, 0x0000021ddae2b000, 0x0000021ddae2b800, 0x0000021ddae29800,
0x0000021ddae2a000, 0x0000021ddae28800, 0x0000021dd977c000, 0x0000021dd9779800,
0x0000021dd9776000, 0x0000021dd9778000, 0x0000021dd977b000, 0x0000021dd977a800,
0x0000021dd9778800, 0x0000021dd977d000, 0x0000021dd9777000, 0x0000021dd977f000,
0x0000021dd9781000, 0x0000021dd9781800, 0x0000021dd9780000, 0x0000021dd977d800,
0x0000021dd977e800, 0x0000021dd9782800, 0x0000021dd9785000, 0x0000021dd9783800,
0x0000021dd9784000, 0x0000021ddb2c2800, 0x0000021ddb2c3800, 0x0000021ddb2c9000,
0x0000021ddb2ca000, 0x0000021ddb2c6800, 0x0000021ddb2c6000, 0x0000021ddb2c7800,
0x0000021ddb2c4800, 0x0000021ddb2c8800, 0x0000021ddb2cb000, 0x0000021ddb2c5000,
0x0000021ddb2ce000, 0x0000021ddb2cd800, 0x0000021ddb2cf000, 0x0000021ddb2cc800,
0x0000021ddb2d0800, 0x0000021ddb2d1800, 0x0000021ddb2cb800, 0x0000021ddaedc000,
0x0000021ddaede800, 0x0000021ddaedd800, 0x0000021ddaedb800, 0x0000021ddaedf800,
0x0000021ddaed9800, 0x0000021ddaedd000, 0x0000021ddaee0000, 0x0000021ddaeda800,
0x0000021ddaee6000, 0x0000021ddaee3800
}

Java Threads: ( => current thread )
  0x0000021dbdb6f800 JavaThread "main" [_thread_blocked, id=8840, stack(0x0000008792200000,0x0000008792300000)]
  0x0000021dd0780000 JavaThread "Reference Handler" daemon [_thread_blocked, id=7848, stack(0x0000008792900000,0x0000008792a00000)]
  0x0000021dd0789800 JavaThread "Finalizer" daemon [_thread_blocked, id=16364, stack(0x0000008792a00000,0x0000008792b00000)]
  0x0000021dd6cc4800 JavaThread "Signal Dispatcher" daemon [_thread_blocked, id=9080, stack(0x0000008792b00000,0x0000008792c00000)]
  0x0000021dd6cc7000 JavaThread "Attach Listener" daemon [_thread_blocked, id=8844, stack(0x0000008792c00000,0x0000008792d00000)]
  0x0000021dd6cca000 JavaThread "Service Thread" daemon [_thread_blocked, id=13436, stack(0x0000008792d00000,0x0000008792e00000)]
=>0x0000021dd6cd1000 JavaThread "C2 CompilerThread0" daemon [_thread_in_native, id=7992, stack(0x0000008792e00000,0x0000008792f00000)]
  0x0000021dd6cd2000 JavaThread "C1 CompilerThread0" daemon [_thread_blocked, id=10276, stack(0x0000008792f00000,0x0000008793000000)]
  0x0000021dd0798800 JavaThread "Sweeper thread" daemon [_thread_blocked, id=17088, stack(0x0000008793000000,0x0000008793100000)]
  0x0000021dd6e36800 JavaThread "Common-Cleaner" daemon [_thread_blocked, id=1992, stack(0x0000008793100000,0x0000008793200000)]
  0x0000021dd8c59800 JavaThread "Daemon health stats" [_thread_blocked, id=15508, stack(0x0000008791f00000,0x0000008792000000)]
  0x0000021dd8500800 JavaThread "Incoming local TCP Connector on port 55406" [_thread_in_native, id=14208, stack(0x0000008792100000,0x0000008792200000)]
  0x0000021dd7781800 JavaThread "Daemon periodic checks" [_thread_blocked, id=15372, stack(0x0000008793500000,0x0000008793600000)]
  0x0000021dd88a8000 JavaThread "Daemon" [_thread_blocked, id=11144, stack(0x0000008793600000,0x0000008793700000)]
  0x0000021dd76bd000 JavaThread "Handler for socket connection from /127.0.0.1:55406 to /127.0.0.1:55407" [_thread_in_native, id=14980, stack(0x0000008793700000,0x0000008793800000)]
  0x0000021dd83e3800 JavaThread "Cancel handler" [_thread_blocked, id=11464, stack(0x0000008793800000,0x0000008793900000)]
  0x0000021dd83e5800 JavaThread "Daemon worker" [_thread_blocked, id=16568, stack(0x0000008793900000,0x0000008793a00000)]
  0x0000021dd77fc000 JavaThread "Asynchronous log dispatcher for DefaultDaemonConnection: socket connection from /127.0.0.1:55406 to /127.0.0.1:55407" [_thread_blocked, id=14832, stack(0x0000008793a00000,0x0000008793b00000)]
  0x0000021dd8614000 JavaThread "Daemon client event forwarder" [_thread_blocked, id=7184, stack(0x0000008793c00000,0x0000008793d00000)]
  0x0000021dd8617000 JavaThread "Cache worker for journal cache (C:\Users\user\AndroidStudioProjects\probelalkhan-FirebaseRealtimeDatabaseTutorial-145d992\caches\journal-1)" [_thread_blocked, id=14452, stack(0x0000008793d00000,0x0000008793e00000)]
  0x0000021dd8618000 JavaThread "File lock request listener" [_thread_in_native, id=7152, stack(0x0000008793e00000,0x0000008793f00000)]
  0x0000021dd8612800 JavaThread "Cache worker for file hash cache (C:\Users\user\AndroidStudioProjects\probelalkhan-FirebaseRealtimeDatabaseTutorial-145d992\caches\7.2\fileHashes)" [_thread_blocked, id=14560, stack(0x0000008793f00000,0x0000008794000000)]
  0x0000021dd8619000 JavaThread "Cache worker for file hash cache (C:\Users\user\AndroidStudioProjects\Cr_hire1\.gradle\7.2\fileHashes)" [_thread_blocked, id=16068, stack(0x0000008794000000,0x0000008794100000)]
  0x0000021dd8616800 JavaThread "File watcher server" daemon [_thread_in_native, id=14200, stack(0x0000008794300000,0x0000008794400000)]
  0x0000021dd8613000 JavaThread "File watcher consumer" daemon [_thread_blocked, id=14744, stack(0x0000008794400000,0x0000008794500000)]
  0x0000021dd8614800 JavaThread "Cache worker for checksums cache (C:\Users\user\AndroidStudioProjects\Cr_hire1\.gradle\checksums)" [_thread_blocked, id=7288, stack(0x0000008794500000,0x0000008794600000)]
  0x0000021dd8615800 JavaThread "Cache worker for cache directory md-supplier (C:\Users\user\AndroidStudioProjects\probelalkhan-FirebaseRealtimeDatabaseTutorial-145d992\caches\7.2\md-supplier)" [_thread_blocked, id=13552, stack(0x0000008794600000,0x0000008794700000)]
  0x0000021ddae22000 JavaThread "Cache worker for cache directory md-rule (C:\Users\user\AndroidStudioProjects\probelalkhan-FirebaseRealtimeDatabaseTutorial-145d992\caches\7.2\md-rule)" [_thread_blocked, id=13124, stack(0x0000008794700000,0x0000008794800000)]
  0x0000021ddae1f800 JavaThread "Cache worker for execution history cache (C:\Users\user\AndroidStudioProjects\probelalkhan-FirebaseRealtimeDatabaseTutorial-145d992\caches\7.2\executionHistory)" [_thread_blocked, id=13392, stack(0x0000008794800000,0x0000008794900000)]
  0x0000021ddae23000 JavaThread "jar transforms" [_thread_blocked, id=8492, stack(0x0000008794900000,0x0000008794a00000)]
  0x0000021ddae1e000 JavaThread "Cache worker for file content cache (C:\Users\user\AndroidStudioProjects\probelalkhan-FirebaseRealtimeDatabaseTutorial-145d992\caches\7.2\fileContent)" [_thread_blocked, id=12492, stack(0x0000008794a00000,0x0000008794b00000)]
  0x0000021ddae25000 JavaThread "jar transforms Thread 2" [_thread_blocked, id=14112, stack(0x0000008794b00000,0x0000008794c00000)]
  0x0000021ddae26000 JavaThread "Cache worker for dependencies-accessors (C:\Users\user\AndroidStudioProjects\Cr_hire1\.gradle\7.2\dependencies-accessors)" [_thread_blocked, id=4108, stack(0x0000008794c00000,0x0000008794d00000)]
  0x0000021ddae27000 JavaThread "jar transforms Thread 3" [_thread_blocked, id=4152, stack(0x0000008794d00000,0x0000008794e00000)]
  0x0000021ddae21000 JavaThread "Cache worker for Build Output Cleanup Cache (C:\Users\user\AndroidStudioProjects\Cr_hire1\.gradle\buildOutputCleanup)" [_thread_blocked, id=3520, stack(0x0000008793b00000,0x0000008793c00000)]
  0x0000021ddae2c800 JavaThread "Unconstrained build operations" [_thread_blocked, id=13700, stack(0x0000008794e00000,0x0000008794f00000)]
  0x0000021ddae27800 JavaThread "Unconstrained build operations Thread 2" [_thread_blocked, id=12556, stack(0x0000008794f00000,0x0000008795000000)]
  0x0000021ddae2b000 JavaThread "Unconstrained build operations Thread 3" [_thread_blocked, id=12780, stack(0x0000008795000000,0x0000008795100000)]
  0x0000021ddae2b800 JavaThread "Unconstrained build operations Thread 4" [_thread_blocked, id=4532, stack(0x0000008795100000,0x0000008795200000)]
  0x0000021ddae29800 JavaThread "Unconstrained build operations Thread 5" [_thread_blocked, id=1400, stack(0x0000008795200000,0x0000008795300000)]
  0x0000021ddae2a000 JavaThread "Unconstrained build operations Thread 6" [_thread_blocked, id=3392, stack(0x0000008795300000,0x0000008795400000)]
  0x0000021ddae28800 JavaThread "Unconstrained build operations Thread 7" [_thread_blocked, id=13432, stack(0x0000008795400000,0x0000008795500000)]
  0x0000021dd977c000 JavaThread "Unconstrained build operations Thread 8" [_thread_blocked, id=16264, stack(0x0000008795500000,0x0000008795600000)]
  0x0000021dd9779800 JavaThread "Unconstrained build operations Thread 9" [_thread_blocked, id=11792, stack(0x0000008795600000,0x0000008795700000)]
  0x0000021dd9776000 JavaThread "Unconstrained build operations Thread 10" [_thread_blocked, id=17340, stack(0x0000008795700000,0x0000008795800000)]
  0x0000021dd9778000 JavaThread "Unconstrained build operations Thread 11" [_thread_blocked, id=16832, stack(0x0000008795800000,0x0000008795900000)]
  0x0000021dd977b000 JavaThread "Unconstrained build operations Thread 12" [_thread_blocked, id=12036, stack(0x0000008795900000,0x0000008795a00000)]
  0x0000021dd977a800 JavaThread "Unconstrained build operations Thread 13" [_thread_blocked, id=17052, stack(0x0000008795a00000,0x0000008795b00000)]
  0x0000021dd9778800 JavaThread "Unconstrained build operations Thread 14" [_thread_blocked, id=13352, stack(0x0000008795b00000,0x0000008795c00000)]
  0x0000021dd977d000 JavaThread "Unconstrained build operations Thread 15" [_thread_blocked, id=16388, stack(0x0000008795c00000,0x0000008795d00000)]
  0x0000021dd9777000 JavaThread "Unconstrained build operations Thread 16" [_thread_blocked, id=3356, stack(0x0000008795d00000,0x0000008795e00000)]
  0x0000021dd977f000 JavaThread "Unconstrained build operations Thread 17" [_thread_blocked, id=9508, stack(0x0000008795e00000,0x0000008795f00000)]
  0x0000021dd9781000 JavaThread "Unconstrained build operations Thread 18" [_thread_blocked, id=2752, stack(0x0000008795f00000,0x0000008796000000)]
  0x0000021dd9781800 JavaThread "Unconstrained build operations Thread 19" [_thread_blocked, id=11828, stack(0x0000008796000000,0x0000008796100000)]
  0x0000021dd9780000 JavaThread "Unconstrained build operations Thread 20" [_thread_in_native, id=8616, stack(0x0000008796100000,0x0000008796200000)]
  0x0000021dd977d800 JavaThread "Unconstrained build operations Thread 21" [_thread_blocked, id=2704, stack(0x0000008796200000,0x0000008796300000)]
  0x0000021dd977e800 JavaThread "Unconstrained build operations Thread 22" [_thread_blocked, id=11992, stack(0x0000008796300000,0x0000008796400000)]
  0x0000021dd9782800 JavaThread "Unconstrained build operations Thread 23" [_thread_blocked, id=15204, stack(0x0000008796400000,0x0000008796500000)]
  0x0000021dd9785000 JavaThread "Unconstrained build operations Thread 24" [_thread_blocked, id=10988, stack(0x0000008796500000,0x0000008796600000)]
  0x0000021dd9783800 JavaThread "Unconstrained build operations Thread 25" [_thread_blocked, id=17244, stack(0x0000008796600000,0x0000008796700000)]
  0x0000021dd9784000 JavaThread "Unconstrained build operations Thread 26" [_thread_blocked, id=13416, stack(0x0000008796700000,0x0000008796800000)]
  0x0000021ddb2c2800 JavaThread "Unconstrained build operations Thread 27" [_thread_blocked, id=14800, stack(0x0000008796800000,0x0000008796900000)]
  0x0000021ddb2c3800 JavaThread "Unconstrained build operations Thread 28" [_thread_blocked, id=11492, stack(0x0000008796900000,0x0000008796a00000)]
  0x0000021ddb2c9000 JavaThread "Unconstrained build operations Thread 29" [_thread_blocked, id=15972, stack(0x0000008796a00000,0x0000008796b00000)]
  0x0000021ddb2ca000 JavaThread "Unconstrained build operations Thread 30" [_thread_blocked, id=1128, stack(0x0000008796b00000,0x0000008796c00000)]
  0x0000021ddb2c6800 JavaThread "Unconstrained build operations Thread 31" [_thread_blocked, id=14520, stack(0x0000008796c00000,0x0000008796d00000)]
  0x0000021ddb2c6000 JavaThread "Unconstrained build operations Thread 32" [_thread_blocked, id=1196, stack(0x0000008796d00000,0x0000008796e00000)]
  0x0000021ddb2c7800 JavaThread "Unconstrained build operations Thread 33" [_thread_blocked, id=14260, stack(0x0000008796e00000,0x0000008796f00000)]
  0x0000021ddb2c4800 JavaThread "Unconstrained build operations Thread 34" [_thread_blocked, id=7084, stack(0x0000008796f00000,0x0000008797000000)]
  0x0000021ddb2c8800 JavaThread "Unconstrained build operations Thread 35" [_thread_blocked, id=11304, stack(0x0000008797000000,0x0000008797100000)]
  0x0000021ddb2cb000 JavaThread "Unconstrained build operations Thread 36" [_thread_blocked, id=13048, stack(0x0000008797100000,0x0000008797200000)]
  0x0000021ddb2c5000 JavaThread "Unconstrained build operations Thread 37" [_thread_blocked, id=9624, stack(0x0000008797200000,0x0000008797300000)]
  0x0000021ddb2ce000 JavaThread "Unconstrained build operations Thread 38" [_thread_blocked, id=10808, stack(0x0000008797300000,0x0000008797400000)]
  0x0000021ddb2cd800 JavaThread "Unconstrained build operations Thread 39" [_thread_blocked, id=3688, stack(0x0000008797400000,0x0000008797500000)]
  0x0000021ddb2cf000 JavaThread "Unconstrained build operations Thread 40" [_thread_blocked, id=7980, stack(0x0000008797500000,0x0000008797600000)]
  0x0000021ddb2cc800 JavaThread "jar transforms Thread 4" [_thread_blocked, id=11856, stack(0x0000008797600000,0x0000008797700000)]
  0x0000021ddb2d0800 JavaThread "Memory manager" [_thread_blocked, id=12188, stack(0x0000008794100000,0x0000008794200000)]
  0x0000021ddb2d1800 JavaThread "build event listener" [_thread_blocked, id=8716, stack(0x0000008797800000,0x0000008797900000)]
  0x0000021ddb2cb800 JavaThread "pool-3-thread-1" [_thread_blocked, id=5492, stack(0x0000008797900000,0x0000008797a00000)]
  0x0000021ddaedc000 JavaThread "build event listener" [_thread_blocked, id=7204, stack(0x0000008797a00000,0x0000008797b00000)]
  0x0000021ddaede800 JavaThread "Execution worker for ':'" [_thread_blocked, id=13092, stack(0x0000008797b00000,0x0000008797c00000)]
  0x0000021ddaedd800 JavaThread "Execution worker for ':' Thread 2" [_thread_blocked, id=8568, stack(0x0000008797c00000,0x0000008797d00000)]
  0x0000021ddaedb800 JavaThread "Execution worker for ':' Thread 3" [_thread_blocked, id=15344, stack(0x0000008797d00000,0x0000008797e00000)]
  0x0000021ddaedf800 JavaThread "Cache worker for execution history cache (C:\Users\user\AndroidStudioProjects\Cr_hire1\.gradle\7.2\executionHistory)" [_thread_blocked, id=8308, stack(0x0000008797e00000,0x0000008797f00000)]
  0x0000021ddaed9800 JavaThread "WorkerExecutor Queue" [_thread_blocked, id=11620, stack(0x0000008797700000,0x0000008797800000)]
  0x0000021ddaedd000 JavaThread "WorkerExecutor Queue Thread 2" [_thread_blocked, id=14932, stack(0x0000008797f00000,0x0000008798000000)]
  0x0000021ddaee0000 JavaThread "WorkerExecutor Queue Thread 3" [_thread_blocked, id=16616, stack(0x0000008794200000,0x0000008794300000)]
  0x0000021ddaeda800 JavaThread "pool-4-thread-1" [_thread_blocked, id=15032, stack(0x0000008798000000,0x0000008798100000)]
  0x0000021ddaee6000 JavaThread "stderr" [_thread_in_native, id=17292, stack(0x0000008798100000,0x0000008798200000)]
  0x0000021ddaee3800 JavaThread "stdout" [_thread_in_native, id=12756, stack(0x0000008798200000,0x0000008798300000)]

Other Threads:
  0x0000021dd077e800 VMThread "VM Thread" [stack: 0x0000008792800000,0x0000008792900000] [id=5412]
  0x0000021dd6e80000 WatcherThread [stack: 0x0000008793200000,0x0000008793300000] [id=2076]
  0x0000021dbdb85800 GCTaskThread "GC Thread#0" [stack: 0x0000008792300000,0x0000008792400000] [id=13016]
  0x0000021dd766d800 GCTaskThread "GC Thread#1" [stack: 0x0000008793300000,0x0000008793400000] [id=10760]
  0x0000021dd6e3b800 GCTaskThread "GC Thread#2" [stack: 0x0000008793400000,0x0000008793500000] [id=5300]
  0x0000021dd90b9800 GCTaskThread "GC Thread#3" [stack: 0x0000008792000000,0x0000008792100000] [id=14928]
  0x0000021dd05cc800 ConcurrentGCThread "G1 Main Marker" [stack: 0x0000008792400000,0x0000008792500000] [id=16128]
  0x0000021dd05cd800 ConcurrentGCThread "G1 Conc#0" [stack: 0x0000008792500000,0x0000008792600000] [id=9548]
  0x0000021dd0663000 ConcurrentGCThread "G1 Refine#0" [stack: 0x0000008792600000,0x0000008792700000] [id=12580]
  0x0000021dd0664000 ConcurrentGCThread "G1 Young RemSet Sampling" [stack: 0x0000008792700000,0x0000008792800000] [id=11440]

Threads with active compile tasks:
C2 CompilerThread0 372536 13745 %     4       com.android.tools.r8.internal.mH0::a @ 2572 (6068 bytes)

VM state:not at safepoint (normal execution)

VM Mutex/Monitor currently owned by a thread: None

Heap address: 0x00000000a0000000, size: 1536 MB, Compressed Oops mode: 32-bit
Narrow klass base: 0x0000000000000000, Narrow klass shift: 3
Compressed class space size: 1073741824 Address: 0x0000000100000000

Heap:
 garbage-first heap   total 223232K, used 159668K [0x00000000a0000000, 0x0000000100000000)
  region size 1024K, 47 young (48128K), 1 survivors (1024K)
 Metaspace       used 103622K, capacity 106323K, committed 106404K, reserved 1140736K
  class space    used 13360K, capacity 14385K, committed 14464K, reserved 1048576K
Heap Regions: E=young(eden), S=young(survivor), O=old, HS=humongous(starts), HC=humongous(continues), CS=collection set, F=free, A=archive, TAMS=top-at-mark-start (previous, next)
|   0|0x00000000a0000000, 0x00000000a0100000, 0x00000000a0100000|100%|HS|  |TAMS 0x00000000a0100000, 0x00000000a0000000| Complete 
|   1|0x00000000a0100000, 0x00000000a0200000, 0x00000000a0200000|100%|HC|  |TAMS 0x00000000a0200000, 0x00000000a0100000| Complete 
|   2|0x00000000a0200000, 0x00000000a0300000, 0x00000000a0300000|100%|HC|  |TAMS 0x00000000a0300000, 0x00000000a0200000| Complete 
|   3|0x00000000a0300000, 0x00000000a0400000, 0x00000000a0400000|100%| O|  |TAMS 0x00000000a0400000, 0x00000000a0300000| Untracked 
|   4|0x00000000a0400000, 0x00000000a0500000, 0x00000000a0500000|100%| O|  |TAMS 0x00000000a0500000, 0x00000000a0400000| Untracked 
|   5|0x00000000a0500000, 0x00000000a0600000, 0x00000000a0600000|100%| O|  |TAMS 0x00000000a0600000, 0x00000000a0500000| Untracked 
|   6|0x00000000a0600000, 0x00000000a0700000, 0x00000000a0700000|100%| O|  |TAMS 0x00000000a0700000, 0x00000000a0600000| Untracked 
|   7|0x00000000a0700000, 0x00000000a0800000, 0x00000000a0800000|100%| O|  |TAMS 0x00000000a0800000, 0x00000000a0700000| Untracked 
|   8|0x00000000a0800000, 0x00000000a0900000, 0x00000000a0900000|100%| O|  |TAMS 0x00000000a0900000, 0x00000000a0800000| Untracked 
|   9|0x00000000a0900000, 0x00000000a0a00000, 0x00000000a0a00000|100%| O|  |TAMS 0x00000000a0a00000, 0x00000000a0900000| Untracked 
|  10|0x00000000a0a00000, 0x00000000a0b00000, 0x00000000a0b00000|100%| O|  |TAMS 0x00000000a0b00000, 0x00000000a0a00000| Untracked 
|  11|0x00000000a0b00000, 0x00000000a0c00000, 0x00000000a0c00000|100%| O|  |TAMS 0x00000000a0c00000, 0x00000000a0b00000| Untracked 
|  12|0x00000000a0c00000, 0x00000000a0d00000, 0x00000000a0d00000|100%| O|  |TAMS 0x00000000a0d00000, 0x00000000a0c00000| Untracked 
|  13|0x00000000a0d00000, 0x00000000a0e00000, 0x00000000a0e00000|100%| O|  |TAMS 0x00000000a0e00000, 0x00000000a0d00000| Untracked 
|  14|0x00000000a0e00000, 0x00000000a0f00000, 0x00000000a0f00000|100%| O|  |TAMS 0x00000000a0f00000, 0x00000000a0e00000| Untracked 
|  15|0x00000000a0f00000, 0x00000000a1000000, 0x00000000a1000000|100%| O|  |TAMS 0x00000000a1000000, 0x00000000a0f00000| Untracked 
|  16|0x00000000a1000000, 0x00000000a1100000, 0x00000000a1100000|100%|HS|  |TAMS 0x00000000a1100000, 0x00000000a1000000| Complete 
|  17|0x00000000a1100000, 0x00000000a1200000, 0x00000000a1200000|100%| O|  |TAMS 0x00000000a1200000, 0x00000000a1100000| Untracked 
|  18|0x00000000a1200000, 0x00000000a1300000, 0x00000000a1300000|100%| O|  |TAMS 0x00000000a1300000, 0x00000000a1200000| Untracked 
|  19|0x00000000a1300000, 0x00000000a1400000, 0x00000000a1400000|100%| O|  |TAMS 0x00000000a1400000, 0x00000000a1300000| Untracked 
|  20|0x00000000a1400000, 0x00000000a1500000, 0x00000000a1500000|100%| O|  |TAMS 0x00000000a1500000, 0x00000000a1400000| Untracked 
|  21|0x00000000a1500000, 0x00000000a1600000, 0x00000000a1600000|100%| O|  |TAMS 0x00000000a1600000, 0x00000000a1500000| Untracked 
|  22|0x00000000a1600000, 0x00000000a1700000, 0x00000000a1700000|100%| O|  |TAMS 0x00000000a1700000, 0x00000000a1600000| Untracked 
|  23|0x00000000a1700000, 0x00000000a1800000, 0x00000000a1800000|100%| O|  |TAMS 0x00000000a1800000, 0x00000000a1700000| Untracked 
|  24|0x00000000a1800000, 0x00000000a1900000, 0x00000000a1900000|100%| O|  |TAMS 0x00000000a1900000, 0x00000000a1800000| Untracked 
|  25|0x00000000a1900000, 0x00000000a1a00000, 0x00000000a1a00000|100%| O|  |TAMS 0x00000000a1a00000, 0x00000000a1900000| Untracked 
|  26|0x00000000a1a00000, 0x00000000a1b00000, 0x00000000a1b00000|100%| O|  |TAMS 0x00000000a1b00000, 0x00000000a1a00000| Untracked 
|  27|0x00000000a1b00000, 0x00000000a1c00000, 0x00000000a1c00000|100%| O|  |TAMS 0x00000000a1c00000, 0x00000000a1b00000| Untracked 
|  28|0x00000000a1c00000, 0x00000000a1d00000, 0x00000000a1d00000|100%|HS|  |TAMS 0x00000000a1d00000, 0x00000000a1c00000| Complete 
|  29|0x00000000a1d00000, 0x00000000a1e00000, 0x00000000a1e00000|100%|HS|  |TAMS 0x00000000a1e00000, 0x00000000a1d00000| Complete 
|  30|0x00000000a1e00000, 0x00000000a1f00000, 0x00000000a1f00000|100%|HS|  |TAMS 0x00000000a1f00000, 0x00000000a1e00000| Complete 
|  31|0x00000000a1f00000, 0x00000000a2000000, 0x00000000a2000000|100%|HC|  |TAMS 0x00000000a2000000, 0x00000000a1f00000| Complete 
|  32|0x00000000a2000000, 0x00000000a2100000, 0x00000000a2100000|100%| O|  |TAMS 0x00000000a2100000, 0x00000000a2000000| Untracked 
|  33|0x00000000a2100000, 0x00000000a2200000, 0x00000000a2200000|100%| O|  |TAMS 0x00000000a2200000, 0x00000000a2100000| Untracked 
|  34|0x00000000a2200000, 0x00000000a2300000, 0x00000000a2300000|100%| O|  |TAMS 0x00000000a2300000, 0x00000000a2200000| Untracked 
|  35|0x00000000a2300000, 0x00000000a2400000, 0x00000000a2400000|100%| O|  |TAMS 0x00000000a2400000, 0x00000000a2300000| Untracked 
|  36|0x00000000a2400000, 0x00000000a2500000, 0x00000000a2500000|100%| O|  |TAMS 0x00000000a2500000, 0x00000000a2400000| Untracked 
|  37|0x00000000a2500000, 0x00000000a2600000, 0x00000000a2600000|100%| O|  |TAMS 0x00000000a2600000, 0x00000000a2500000| Untracked 
|  38|0x00000000a2600000, 0x00000000a2700000, 0x00000000a2700000|100%| O|  |TAMS 0x00000000a2700000, 0x00000000a2600000| Untracked 
|  39|0x00000000a2700000, 0x00000000a2800000, 0x00000000a2800000|100%| O|  |TAMS 0x00000000a2800000, 0x00000000a2700000| Untracked 
|  40|0x00000000a2800000, 0x00000000a2900000, 0x00000000a2900000|100%| O|  |TAMS 0x00000000a2900000, 0x00000000a2800000| Untracked 
|  41|0x00000000a2900000, 0x00000000a2a00000, 0x00000000a2a00000|100%| O|  |TAMS 0x00000000a2a00000, 0x00000000a2900000| Untracked 
|  42|0x00000000a2a00000, 0x00000000a2b00000, 0x00000000a2b00000|100%| O|  |TAMS 0x00000000a2b00000, 0x00000000a2a00000| Untracked 
|  43|0x00000000a2b00000, 0x00000000a2c00000, 0x00000000a2c00000|100%| O|  |TAMS 0x00000000a2c00000, 0x00000000a2b00000| Untracked 
|  44|0x00000000a2c00000, 0x00000000a2d00000, 0x00000000a2d00000|100%| O|  |TAMS 0x00000000a2d00000, 0x00000000a2c00000| Untracked 
|  45|0x00000000a2d00000, 0x00000000a2e00000, 0x00000000a2e00000|100%| O|  |TAMS 0x00000000a2e00000, 0x00000000a2d00000| Untracked 
|  46|0x00000000a2e00000, 0x00000000a2f00000, 0x00000000a2f00000|100%| O|  |TAMS 0x00000000a2f00000, 0x00000000a2e00000| Untracked 
|  47|0x00000000a2f00000, 0x00000000a3000000, 0x00000000a3000000|100%| O|  |TAMS 0x00000000a3000000, 0x00000000a2f00000| Untracked 
|  48|0x00000000a3000000, 0x00000000a3100000, 0x00000000a3100000|100%| O|  |TAMS 0x00000000a3100000, 0x00000000a3000000| Untracked 
|  49|0x00000000a3100000, 0x00000000a3200000, 0x00000000a3200000|100%| O|  |TAMS 0x00000000a3200000, 0x00000000a3100000| Untracked 
|  50|0x00000000a3200000, 0x00000000a3300000, 0x00000000a3300000|100%| O|  |TAMS 0x00000000a3300000, 0x00000000a3200000| Untracked 
|  51|0x00000000a3300000, 0x00000000a3400000, 0x00000000a3400000|100%| O|  |TAMS 0x00000000a3400000, 0x00000000a3300000| Untracked 
|  52|0x00000000a3400000, 0x00000000a3500000, 0x00000000a3500000|100%| O|  |TAMS 0x00000000a3500000, 0x00000000a3400000| Untracked 
|  53|0x00000000a3500000, 0x00000000a3600000, 0x00000000a3600000|100%| O|  |TAMS 0x00000000a3600000, 0x00000000a3500000| Untracked 
|  54|0x00000000a3600000, 0x00000000a3700000, 0x00000000a3700000|100%| O|  |TAMS 0x00000000a3700000, 0x00000000a3600000| Untracked 
|  55|0x00000000a3700000, 0x00000000a3800000, 0x00000000a3800000|100%| O|  |TAMS 0x00000000a3800000, 0x00000000a3700000| Untracked 
|  56|0x00000000a3800000, 0x00000000a3900000, 0x00000000a3900000|100%| O|  |TAMS 0x00000000a3900000, 0x00000000a3800000| Untracked 
|  57|0x00000000a3900000, 0x00000000a3a00000, 0x00000000a3a00000|100%| O|  |TAMS 0x00000000a3a00000, 0x00000000a3900000| Untracked 
|  58|0x00000000a3a00000, 0x00000000a3b00000, 0x00000000a3b00000|100%| O|  |TAMS 0x00000000a3b00000, 0x00000000a3a00000| Untracked 
|  59|0x00000000a3b00000, 0x00000000a3c00000, 0x00000000a3c00000|100%| O|  |TAMS 0x00000000a3c00000, 0x00000000a3b00000| Untracked 
|  60|0x00000000a3c00000, 0x00000000a3d00000, 0x00000000a3d00000|100%| O|  |TAMS 0x00000000a3d00000, 0x00000000a3c00000| Untracked 
|  61|0x00000000a3d00000, 0x00000000a3e00000, 0x00000000a3e00000|100%| O|  |TAMS 0x00000000a3e00000, 0x00000000a3d00000| Untracked 
|  62|0x00000000a3e00000, 0x00000000a3f00000, 0x00000000a3f00000|100%| O|  |TAMS 0x00000000a3f00000, 0x00000000a3e00000| Untracked 
|  63|0x00000000a3f00000, 0x00000000a4000000, 0x00000000a4000000|100%| O|  |TAMS 0x00000000a4000000, 0x00000000a3f00000| Untracked 
|  64|0x00000000a4000000, 0x00000000a4100000, 0x00000000a4100000|100%| O|  |TAMS 0x00000000a4100000, 0x00000000a4000000| Untracked 
|  65|0x00000000a4100000, 0x00000000a4200000, 0x00000000a4200000|100%| O|  |TAMS 0x00000000a4200000, 0x00000000a4100000| Untracked 
|  66|0x00000000a4200000, 0x00000000a4300000, 0x00000000a4300000|100%| O|  |TAMS 0x00000000a4300000, 0x00000000a4200000| Untracked 
|  67|0x00000000a4300000, 0x00000000a4400000, 0x00000000a4400000|100%| O|  |TAMS 0x00000000a4400000, 0x00000000a4300000| Untracked 
|  68|0x00000000a4400000, 0x00000000a4500000, 0x00000000a4500000|100%| O|  |TAMS 0x00000000a4500000, 0x00000000a4400000| Untracked 
|  69|0x00000000a4500000, 0x00000000a4600000, 0x00000000a4600000|100%| O|  |TAMS 0x00000000a4600000, 0x00000000a4500000| Untracked 
|  70|0x00000000a4600000, 0x00000000a4700000, 0x00000000a4700000|100%| O|  |TAMS 0x00000000a4700000, 0x00000000a4600000| Untracked 
|  71|0x00000000a4700000, 0x00000000a4800000, 0x00000000a4800000|100%| O|  |TAMS 0x00000000a4800000, 0x00000000a4700000| Untracked 
|  72|0x00000000a4800000, 0x00000000a4900000, 0x00000000a4900000|100%| O|  |TAMS 0x00000000a4900000, 0x00000000a4800000| Untracked 
|  73|0x00000000a4900000, 0x00000000a4a00000, 0x00000000a4a00000|100%| O|  |TAMS 0x00000000a4a00000, 0x00000000a4900000| Untracked 
|  74|0x00000000a4a00000, 0x00000000a4b00000, 0x00000000a4b00000|100%| O|  |TAMS 0x00000000a4b00000, 0x00000000a4a00000| Untracked 
|  75|0x00000000a4b00000, 0x00000000a4c00000, 0x00000000a4c00000|100%| O|  |TAMS 0x00000000a4c00000, 0x00000000a4b00000| Untracked 
|  76|0x00000000a4c00000, 0x00000000a4d00000, 0x00000000a4d00000|100%| O|  |TAMS 0x00000000a4d00000, 0x00000000a4c00000| Untracked 
|  77|0x00000000a4d00000, 0x00000000a4e00000, 0x00000000a4e00000|100%| O|  |TAMS 0x00000000a4e00000, 0x00000000a4d00000| Untracked 
|  78|0x00000000a4e00000, 0x00000000a4f00000, 0x00000000a4f00000|100%| O|  |TAMS 0x00000000a4f00000, 0x00000000a4e00000| Untracked 
|  79|0x00000000a4f00000, 0x00000000a5000000, 0x00000000a5000000|100%| O|  |TAMS 0x00000000a5000000, 0x00000000a4f00000| Untracked 
|  80|0x00000000a5000000, 0x00000000a5100000, 0x00000000a5100000|100%| O|  |TAMS 0x00000000a5100000, 0x00000000a5000000| Untracked 
|  81|0x00000000a5100000, 0x00000000a5200000, 0x00000000a5200000|100%| O|  |TAMS 0x00000000a5200000, 0x00000000a5100000| Untracked 
|  82|0x00000000a5200000, 0x00000000a5300000, 0x00000000a5300000|100%| O|  |TAMS 0x00000000a5300000, 0x00000000a5200000| Untracked 
|  83|0x00000000a5300000, 0x00000000a5400000, 0x00000000a5400000|100%| O|  |TAMS 0x00000000a5400000, 0x00000000a5300000| Untracked 
|  84|0x00000000a5400000, 0x00000000a5500000, 0x00000000a5500000|100%| O|  |TAMS 0x00000000a5500000, 0x00000000a5400000| Untracked 
|  85|0x00000000a5500000, 0x00000000a5600000, 0x00000000a5600000|100%| O|  |TAMS 0x00000000a5600000, 0x00000000a5500000| Untracked 
|  86|0x00000000a5600000, 0x00000000a5700000, 0x00000000a5700000|100%| O|  |TAMS 0x00000000a5700000, 0x00000000a5600000| Untracked 
|  87|0x00000000a5700000, 0x00000000a5800000, 0x00000000a5800000|100%| O|  |TAMS 0x00000000a5800000, 0x00000000a5700000| Untracked 
|  88|0x00000000a5800000, 0x00000000a5900000, 0x00000000a5900000|100%| O|  |TAMS 0x00000000a5900000, 0x00000000a5800000| Untracked 
|  89|0x00000000a5900000, 0x00000000a5a00000, 0x00000000a5a00000|100%| O|  |TAMS 0x00000000a5a00000, 0x00000000a5900000| Untracked 
|  90|0x00000000a5a00000, 0x00000000a5b00000, 0x00000000a5b00000|100%| O|  |TAMS 0x00000000a5b00000, 0x00000000a5a00000| Untracked 
|  91|0x00000000a5b00000, 0x00000000a5c00000, 0x00000000a5c00000|100%| O|  |TAMS 0x00000000a5c00000, 0x00000000a5b00000| Untracked 
|  92|0x00000000a5c00000, 0x00000000a5d00000, 0x00000000a5d00000|100%| O|  |TAMS 0x00000000a5d00000, 0x00000000a5c00000| Untracked 
|  93|0x00000000a5d00000, 0x00000000a5e00000, 0x00000000a5e00000|100%| O|  |TAMS 0x00000000a5e00000, 0x00000000a5d00000| Untracked 
|  94|0x00000000a5e00000, 0x00000000a5f00000, 0x00000000a5f00000|100%| O|  |TAMS 0x00000000a5f00000, 0x00000000a5e00000| Untracked 
|  95|0x00000000a5f00000, 0x00000000a6000000, 0x00000000a6000000|100%| O|  |TAMS 0x00000000a6000000, 0x00000000a5f00000| Untracked 
|  96|0x00000000a6000000, 0x00000000a6100000, 0x00000000a6100000|100%| O|  |TAMS 0x00000000a6100000, 0x00000000a6000000| Untracked 
|  97|0x00000000a6100000, 0x00000000a6200000, 0x00000000a6200000|100%| O|  |TAMS 0x00000000a6200000, 0x00000000a6100000| Untracked 
|  98|0x00000000a6200000, 0x00000000a6300000, 0x00000000a6300000|100%| O|  |TAMS 0x00000000a6300000, 0x00000000a6200000| Untracked 
|  99|0x00000000a6300000, 0x00000000a6400000, 0x00000000a6400000|100%| O|  |TAMS 0x00000000a6400000, 0x00000000a6300000| Untracked 
| 100|0x00000000a6400000, 0x00000000a6500000, 0x00000000a6500000|100%| O|  |TAMS 0x00000000a6500000, 0x00000000a6400000| Untracked 
| 101|0x00000000a6500000, 0x00000000a6600000, 0x00000000a6600000|100%| O|  |TAMS 0x00000000a6600000, 0x00000000a6500000| Untracked 
| 102|0x00000000a6600000, 0x00000000a6700000, 0x00000000a6700000|100%| O|  |TAMS 0x00000000a6700000, 0x00000000a6600000| Untracked 
| 103|0x00000000a6700000, 0x00000000a6800000, 0x00000000a6800000|100%| O|  |TAMS 0x00000000a6800000, 0x00000000a6700000| Untracked 
| 104|0x00000000a6800000, 0x00000000a6900000, 0x00000000a6900000|100%| O|  |TAMS 0x00000000a6900000, 0x00000000a6800000| Untracked 
| 105|0x00000000a6900000, 0x00000000a6a00000, 0x00000000a6a00000|100%| O|  |TAMS 0x00000000a6a00000, 0x00000000a6900000| Untracked 
| 106|0x00000000a6a00000, 0x00000000a6b00000, 0x00000000a6b00000|100%| O|  |TAMS 0x00000000a6b00000, 0x00000000a6a00000| Untracked 
| 107|0x00000000a6b00000, 0x00000000a6c00000, 0x00000000a6c00000|100%| O|  |TAMS 0x00000000a6c00000, 0x00000000a6b00000| Untracked 
| 108|0x00000000a6c00000, 0x00000000a6d00000, 0x00000000a6d00000|100%| O|  |TAMS 0x00000000a6d00000, 0x00000000a6c00000| Untracked 
| 109|0x00000000a6d00000, 0x00000000a6e00000, 0x00000000a6e00000|100%| O|  |TAMS 0x00000000a6e00000, 0x00000000a6d00000| Untracked 
| 110|0x00000000a6e00000, 0x00000000a6f00000, 0x00000000a6f00000|100%| O|  |TAMS 0x00000000a6f00000, 0x00000000a6e00000| Untracked 
| 111|0x00000000a6f00000, 0x00000000a6f1a600, 0x00000000a7000000| 10%| O|  |TAMS 0x00000000a6f1a600, 0x00000000a6f00000| Untracked 
| 112|0x00000000a7000000, 0x00000000a7000000, 0x00000000a7100000|  0%| F|  |TAMS 0x00000000a7000000, 0x00000000a7000000| Untracked 
| 113|0x00000000a7100000, 0x00000000a7100000, 0x00000000a7200000|  0%| F|  |TAMS 0x00000000a7100000, 0x00000000a7100000| Untracked 
| 114|0x00000000a7200000, 0x00000000a7200000, 0x00000000a7300000|  0%| F|  |TAMS 0x00000000a7200000, 0x00000000a7200000| Untracked 
| 115|0x00000000a7300000, 0x00000000a7300000, 0x00000000a7400000|  0%| F|  |TAMS 0x00000000a7300000, 0x00000000a7300000| Untracked 
| 116|0x00000000a7400000, 0x00000000a7400000, 0x00000000a7500000|  0%| F|  |TAMS 0x00000000a7400000, 0x00000000a7400000| Untracked 
| 117|0x00000000a7500000, 0x00000000a7500000, 0x00000000a7600000|  0%| F|  |TAMS 0x00000000a7500000, 0x00000000a7500000| Untracked 
| 118|0x00000000a7600000, 0x00000000a7600000, 0x00000000a7700000|  0%| F|  |TAMS 0x00000000a7600000, 0x00000000a7600000| Untracked 
| 119|0x00000000a7700000, 0x00000000a7700000, 0x00000000a7800000|  0%| F|  |TAMS 0x00000000a7700000, 0x00000000a7700000| Untracked 
| 120|0x00000000a7800000, 0x00000000a7800000, 0x00000000a7900000|  0%| F|  |TAMS 0x00000000a7800000, 0x00000000a7800000| Untracked 
| 121|0x00000000a7900000, 0x00000000a7900000, 0x00000000a7a00000|  0%| F|  |TAMS 0x00000000a7900000, 0x00000000a7900000| Untracked 
| 122|0x00000000a7a00000, 0x00000000a7a00000, 0x00000000a7b00000|  0%| F|  |TAMS 0x00000000a7a00000, 0x00000000a7a00000| Untracked 
| 123|0x00000000a7b00000, 0x00000000a7b00000, 0x00000000a7c00000|  0%| F|  |TAMS 0x00000000a7b00000, 0x00000000a7b00000| Untracked 
| 124|0x00000000a7c00000, 0x00000000a7c00000, 0x00000000a7d00000|  0%| F|  |TAMS 0x00000000a7c00000, 0x00000000a7c00000| Untracked 
| 125|0x00000000a7d00000, 0x00000000a7d00000, 0x00000000a7e00000|  0%| F|  |TAMS 0x00000000a7d00000, 0x00000000a7d00000| Untracked 
| 126|0x00000000a7e00000, 0x00000000a7e00000, 0x00000000a7f00000|  0%| F|  |TAMS 0x00000000a7e00000, 0x00000000a7e00000| Untracked 
| 127|0x00000000a7f00000, 0x00000000a7f00000, 0x00000000a8000000|  0%| F|  |TAMS 0x00000000a7f00000, 0x00000000a7f00000| Untracked 
| 128|0x00000000a8000000, 0x00000000a8000000, 0x00000000a8100000|  0%| F|  |TAMS 0x00000000a8000000, 0x00000000a8000000| Untracked 
| 129|0x00000000a8100000, 0x00000000a8100000, 0x00000000a8200000|  0%| F|  |TAMS 0x00000000a8100000, 0x00000000a8100000| Untracked 
| 130|0x00000000a8200000, 0x00000000a8200000, 0x00000000a8300000|  0%| F|  |TAMS 0x00000000a8200000, 0x00000000a8200000| Untracked 
| 131|0x00000000a8300000, 0x00000000a8300000, 0x00000000a8400000|  0%| F|  |TAMS 0x00000000a8300000, 0x00000000a8300000| Untracked 
| 132|0x00000000a8400000, 0x00000000a8400000, 0x00000000a8500000|  0%| F|  |TAMS 0x00000000a8400000, 0x00000000a8400000| Untracked 
| 133|0x00000000a8500000, 0x00000000a8500000, 0x00000000a8600000|  0%| F|  |TAMS 0x00000000a8500000, 0x00000000a8500000| Untracked 
| 134|0x00000000a8600000, 0x00000000a8600000, 0x00000000a8700000|  0%| F|  |TAMS 0x00000000a8600000, 0x00000000a8600000| Untracked 
| 135|0x00000000a8700000, 0x00000000a8700000, 0x00000000a8800000|  0%| F|  |TAMS 0x00000000a8700000, 0x00000000a8700000| Untracked 
| 136|0x00000000a8800000, 0x00000000a8800000, 0x00000000a8900000|  0%| F|  |TAMS 0x00000000a8800000, 0x00000000a8800000| Untracked 
| 137|0x00000000a8900000, 0x00000000a8900000, 0x00000000a8a00000|  0%| F|  |TAMS 0x00000000a8900000, 0x00000000a8900000| Untracked 
| 138|0x00000000a8a00000, 0x00000000a8a00000, 0x00000000a8b00000|  0%| F|  |TAMS 0x00000000a8a00000, 0x00000000a8a00000| Untracked 
| 139|0x00000000a8b00000, 0x00000000a8b00000, 0x00000000a8c00000|  0%| F|  |TAMS 0x00000000a8b00000, 0x00000000a8b00000| Untracked 
| 140|0x00000000a8c00000, 0x00000000a8c00000, 0x00000000a8d00000|  0%| F|  |TAMS 0x00000000a8c00000, 0x00000000a8c00000| Untracked 
| 141|0x00000000a8d00000, 0x00000000a8d00000, 0x00000000a8e00000|  0%| F|  |TAMS 0x00000000a8d00000, 0x00000000a8d00000| Untracked 
| 142|0x00000000a8e00000, 0x00000000a8e00000, 0x00000000a8f00000|  0%| F|  |TAMS 0x00000000a8e00000, 0x00000000a8e00000| Untracked 
| 143|0x00000000a8f00000, 0x00000000a8f00000, 0x00000000a9000000|  0%| F|  |TAMS 0x00000000a8f00000, 0x00000000a8f00000| Untracked 
| 144|0x00000000a9000000, 0x00000000a9000000, 0x00000000a9100000|  0%| F|  |TAMS 0x00000000a9000000, 0x00000000a9000000| Untracked 
| 145|0x00000000a9100000, 0x00000000a9100000, 0x00000000a9200000|  0%| F|  |TAMS 0x00000000a9100000, 0x00000000a9100000| Untracked 
| 146|0x00000000a9200000, 0x00000000a9200000, 0x00000000a9300000|  0%| F|  |TAMS 0x00000000a9200000, 0x00000000a9200000| Untracked 
| 147|0x00000000a9300000, 0x00000000a9300000, 0x00000000a9400000|  0%| F|  |TAMS 0x00000000a9300000, 0x00000000a9300000| Untracked 
| 148|0x00000000a9400000, 0x00000000a9400000, 0x00000000a9500000|  0%| F|  |TAMS 0x00000000a9400000, 0x00000000a9400000| Untracked 
| 149|0x00000000a9500000, 0x00000000a9500000, 0x00000000a9600000|  0%| F|  |TAMS 0x00000000a9500000, 0x00000000a9500000| Untracked 
| 150|0x00000000a9600000, 0x00000000a9600000, 0x00000000a9700000|  0%| F|  |TAMS 0x00000000a9600000, 0x00000000a9600000| Untracked 
| 151|0x00000000a9700000, 0x00000000a9700000, 0x00000000a9800000|  0%| F|  |TAMS 0x00000000a9700000, 0x00000000a9700000| Untracked 
| 152|0x00000000a9800000, 0x00000000a9800000, 0x00000000a9900000|  0%| F|  |TAMS 0x00000000a9800000, 0x00000000a9800000| Untracked 
| 153|0x00000000a9900000, 0x00000000a9900000, 0x00000000a9a00000|  0%| F|  |TAMS 0x00000000a9900000, 0x00000000a9900000| Untracked 
| 154|0x00000000a9a00000, 0x00000000a9a00000, 0x00000000a9b00000|  0%| F|  |TAMS 0x00000000a9a00000, 0x00000000a9a00000| Untracked 
| 155|0x00000000a9b00000, 0x00000000a9b00000, 0x00000000a9c00000|  0%| F|  |TAMS 0x00000000a9b00000, 0x00000000a9b00000| Untracked 
| 156|0x00000000a9c00000, 0x00000000a9c00000, 0x00000000a9d00000|  0%| F|  |TAMS 0x00000000a9c00000, 0x00000000a9c00000| Untracked 
| 157|0x00000000a9d00000, 0x00000000a9d00000, 0x00000000a9e00000|  0%| F|  |TAMS 0x00000000a9d00000, 0x00000000a9d00000| Untracked 
| 158|0x00000000a9e00000, 0x00000000a9e00000, 0x00000000a9f00000|  0%| F|  |TAMS 0x00000000a9e00000, 0x00000000a9e00000| Untracked 
| 159|0x00000000a9f00000, 0x00000000a9f00000, 0x00000000aa000000|  0%| F|  |TAMS 0x00000000a9f00000, 0x00000000a9f00000| Untracked 
| 160|0x00000000aa000000, 0x00000000aa000000, 0x00000000aa100000|  0%| F|  |TAMS 0x00000000aa000000, 0x00000000aa000000| Untracked 
| 161|0x00000000aa100000, 0x00000000aa100000, 0x00000000aa200000|  0%| F|  |TAMS 0x00000000aa100000, 0x00000000aa100000| Untracked 
| 162|0x00000000aa200000, 0x00000000aa200000, 0x00000000aa300000|  0%| F|  |TAMS 0x00000000aa200000, 0x00000000aa200000| Untracked 
| 163|0x00000000aa300000, 0x00000000aa300000, 0x00000000aa400000|  0%| F|  |TAMS 0x00000000aa300000, 0x00000000aa300000| Untracked 
| 164|0x00000000aa400000, 0x00000000aa400000, 0x00000000aa500000|  0%| F|  |TAMS 0x00000000aa400000, 0x00000000aa400000| Untracked 
| 165|0x00000000aa500000, 0x00000000aa500000, 0x00000000aa600000|  0%| F|  |TAMS 0x00000000aa500000, 0x00000000aa500000| Untracked 
| 166|0x00000000aa600000, 0x00000000aa600000, 0x00000000aa700000|  0%| F|  |TAMS 0x00000000aa600000, 0x00000000aa600000| Untracked 
| 167|0x00000000aa700000, 0x00000000aa700000, 0x00000000aa800000|  0%| F|  |TAMS 0x00000000aa700000, 0x00000000aa700000| Untracked 
| 168|0x00000000aa800000, 0x00000000aa800000, 0x00000000aa900000|  0%| F|  |TAMS 0x00000000aa800000, 0x00000000aa800000| Untracked 
| 169|0x00000000aa900000, 0x00000000aa900000, 0x00000000aaa00000|  0%| F|  |TAMS 0x00000000aa900000, 0x00000000aa900000| Untracked 
| 170|0x00000000aaa00000, 0x00000000aaa00000, 0x00000000aab00000|  0%| F|  |TAMS 0x00000000aaa00000, 0x00000000aaa00000| Untracked 
| 171|0x00000000aab00000, 0x00000000aab3bb68, 0x00000000aac00000| 23%| E|  |TAMS 0x00000000aab00000, 0x00000000aab00000| Complete 
| 172|0x00000000aac00000, 0x00000000aad00000, 0x00000000aad00000|100%| E|CS|TAMS 0x00000000aac00000, 0x00000000aac00000| Complete 
| 173|0x00000000aad00000, 0x00000000aae00000, 0x00000000aae00000|100%| E|CS|TAMS 0x00000000aad00000, 0x00000000aad00000| Complete 
| 174|0x00000000aae00000, 0x00000000aaf00000, 0x00000000aaf00000|100%| E|CS|TAMS 0x00000000aae00000, 0x00000000aae00000| Complete 
| 175|0x00000000aaf00000, 0x00000000ab000000, 0x00000000ab000000|100%| E|CS|TAMS 0x00000000aaf00000, 0x00000000aaf00000| Complete 
| 176|0x00000000ab000000, 0x00000000ab100000, 0x00000000ab100000|100%| E|CS|TAMS 0x00000000ab000000, 0x00000000ab000000| Complete 
| 177|0x00000000ab100000, 0x00000000ab200000, 0x00000000ab200000|100%| E|CS|TAMS 0x00000000ab100000, 0x00000000ab100000| Complete 
| 178|0x00000000ab200000, 0x00000000ab300000, 0x00000000ab300000|100%| E|CS|TAMS 0x00000000ab200000, 0x00000000ab200000| Complete 
| 179|0x00000000ab300000, 0x00000000ab400000, 0x00000000ab400000|100%| E|CS|TAMS 0x00000000ab300000, 0x00000000ab300000| Complete 
| 180|0x00000000ab400000, 0x00000000ab500000, 0x00000000ab500000|100%| E|CS|TAMS 0x00000000ab400000, 0x00000000ab400000| Complete 
| 181|0x00000000ab500000, 0x00000000ab600000, 0x00000000ab600000|100%| E|CS|TAMS 0x00000000ab500000, 0x00000000ab500000| Complete 
| 182|0x00000000ab600000, 0x00000000ab700000, 0x00000000ab700000|100%| E|CS|TAMS 0x00000000ab600000, 0x00000000ab600000| Complete 
| 183|0x00000000ab700000, 0x00000000ab800000, 0x00000000ab800000|100%| E|CS|TAMS 0x00000000ab700000, 0x00000000ab700000| Complete 
| 184|0x00000000ab800000, 0x00000000ab900000, 0x00000000ab900000|100%| E|CS|TAMS 0x00000000ab800000, 0x00000000ab800000| Complete 
| 185|0x00000000ab900000, 0x00000000aba00000, 0x00000000aba00000|100%| E|CS|TAMS 0x00000000ab900000, 0x00000000ab900000| Complete 
| 186|0x00000000aba00000, 0x00000000abb00000, 0x00000000abb00000|100%| E|CS|TAMS 0x00000000aba00000, 0x00000000aba00000| Complete 
| 187|0x00000000abb00000, 0x00000000abc00000, 0x00000000abc00000|100%| E|  |TAMS 0x00000000abb00000, 0x00000000abb00000| Complete 
| 188|0x00000000abc00000, 0x00000000abd00000, 0x00000000abd00000|100%| E|CS|TAMS 0x00000000abc00000, 0x00000000abc00000| Complete 
| 189|0x00000000abd00000, 0x00000000abe00000, 0x00000000abe00000|100%| E|CS|TAMS 0x00000000abd00000, 0x00000000abd00000| Complete 
| 190|0x00000000abe00000, 0x00000000abf00000, 0x00000000abf00000|100%| E|CS|TAMS 0x00000000abe00000, 0x00000000abe00000| Complete 
| 191|0x00000000abf00000, 0x00000000ac000000, 0x00000000ac000000|100%| E|CS|TAMS 0x00000000abf00000, 0x00000000abf00000| Complete 
| 192|0x00000000ac000000, 0x00000000ac100000, 0x00000000ac100000|100%| E|CS|TAMS 0x00000000ac000000, 0x00000000ac000000| Complete 
| 193|0x00000000ac100000, 0x00000000ac200000, 0x00000000ac200000|100%| E|CS|TAMS 0x00000000ac100000, 0x00000000ac100000| Complete 
| 194|0x00000000ac200000, 0x00000000ac300000, 0x00000000ac300000|100%| E|CS|TAMS 0x00000000ac200000, 0x00000000ac200000| Complete 
| 195|0x00000000ac300000, 0x00000000ac400000, 0x00000000ac400000|100%| E|CS|TAMS 0x00000000ac300000, 0x00000000ac300000| Complete 
| 196|0x00000000ac400000, 0x00000000ac500000, 0x00000000ac500000|100%| E|CS|TAMS 0x00000000ac400000, 0x00000000ac400000| Complete 
| 197|0x00000000ac500000, 0x00000000ac600000, 0x00000000ac600000|100%| E|CS|TAMS 0x00000000ac500000, 0x00000000ac500000| Complete 
| 198|0x00000000ac600000, 0x00000000ac700000, 0x00000000ac700000|100%| E|CS|TAMS 0x00000000ac600000, 0x00000000ac600000| Complete 
| 199|0x00000000ac700000, 0x00000000ac800000, 0x00000000ac800000|100%| E|CS|TAMS 0x00000000ac700000, 0x00000000ac700000| Complete 
| 200|0x00000000ac800000, 0x00000000ac900000, 0x00000000ac900000|100%| E|CS|TAMS 0x00000000ac800000, 0x00000000ac800000| Complete 
| 201|0x00000000ac900000, 0x00000000aca00000, 0x00000000aca00000|100%| E|CS|TAMS 0x00000000ac900000, 0x00000000ac900000| Complete 
| 202|0x00000000aca00000, 0x00000000acb00000, 0x00000000acb00000|100%| E|CS|TAMS 0x00000000aca00000, 0x00000000aca00000| Complete 
| 203|0x00000000acb00000, 0x00000000acc00000, 0x00000000acc00000|100%| E|CS|TAMS 0x00000000acb00000, 0x00000000acb00000| Complete 
| 204|0x00000000acc00000, 0x00000000acd00000, 0x00000000acd00000|100%| E|CS|TAMS 0x00000000acc00000, 0x00000000acc00000| Complete 
| 205|0x00000000acd00000, 0x00000000ace00000, 0x00000000ace00000|100%| E|CS|TAMS 0x00000000acd00000, 0x00000000acd00000| Complete 
| 206|0x00000000ace00000, 0x00000000acf00000, 0x00000000acf00000|100%| E|CS|TAMS 0x00000000ace00000, 0x00000000ace00000| Complete 
| 207|0x00000000acf00000, 0x00000000ad000000, 0x00000000ad000000|100%| E|CS|TAMS 0x00000000acf00000, 0x00000000acf00000| Complete 
| 208|0x00000000ad000000, 0x00000000ad0d2c60, 0x00000000ad100000| 82%| S|CS|TAMS 0x00000000ad000000, 0x00000000ad000000| Complete 
| 209|0x00000000ad100000, 0x00000000ad200000, 0x00000000ad200000|100%| E|CS|TAMS 0x00000000ad100000, 0x00000000ad100000| Complete 
| 210|0x00000000ad200000, 0x00000000ad300000, 0x00000000ad300000|100%| E|CS|TAMS 0x00000000ad200000, 0x00000000ad200000| Complete 
| 211|0x00000000ad300000, 0x00000000ad400000, 0x00000000ad400000|100%| E|CS|TAMS 0x00000000ad300000, 0x00000000ad300000| Complete 
| 212|0x00000000ad400000, 0x00000000ad500000, 0x00000000ad500000|100%| E|CS|TAMS 0x00000000ad400000, 0x00000000ad400000| Complete 
| 213|0x00000000ad500000, 0x00000000ad600000, 0x00000000ad600000|100%| E|CS|TAMS 0x00000000ad500000, 0x00000000ad500000| Complete 
| 214|0x00000000ad600000, 0x00000000ad700000, 0x00000000ad700000|100%| E|CS|TAMS 0x00000000ad600000, 0x00000000ad600000| Complete 
| 215|0x00000000ad700000, 0x00000000ad800000, 0x00000000ad800000|100%| E|CS|TAMS 0x00000000ad700000, 0x00000000ad700000| Complete 
| 216|0x00000000ad800000, 0x00000000ad900000, 0x00000000ad900000|100%| E|CS|TAMS 0x00000000ad800000, 0x00000000ad800000| Complete 
| 217|0x00000000ad900000, 0x00000000ada00000, 0x00000000ada00000|100%| E|CS|TAMS 0x00000000ad900000, 0x00000000ad900000| Complete 

Card table byte_map: [0x0000021dd0ab0000,0x0000021dd0db0000] _byte_map_base: 0x0000021dd05b0000

Marking Bits (Prev, Next): (CMBitMap*) 0x0000021dd05c5728, (CMBitMap*) 0x0000021dd05c5760
 Prev Bits: [0x0000021dd10b0000, 0x0000021dd28b0000)
 Next Bits: [0x0000021dd28b0000, 0x0000021dd40b0000)

Polling page: 0x0000021dbb840000

Metaspace:

Usage:
  Non-class:     89.78 MB capacity,    88.15 MB ( 98%) used,     1.33 MB (  1%) free+waste,   317.81 KB ( <1%) overhead. 
      Class:     14.05 MB capacity,    13.05 MB ( 93%) used,   876.04 KB (  6%) free+waste,   148.38 KB (  1%) overhead. 
       Both:    103.83 MB capacity,   101.19 MB ( 97%) used,     2.18 MB (  2%) free+waste,   466.19 KB ( <1%) overhead. 

Virtual space:
  Non-class space:       90.00 MB reserved,      89.79 MB (>99%) committed 
      Class space:        1.00 GB reserved,      14.13 MB (  1%) committed 
             Both:        1.09 GB reserved,     103.91 MB (  9%) committed 

Chunk freelists:
   Non-Class:  2.00 KB
       Class:  15.00 KB
        Both:  17.00 KB

MaxMetaspaceSize: 17179869184.00 GB
CompressedClassSpaceSize: 1.00 GB

CodeHeap 'non-profiled nmethods': size=120064Kb used=9805Kb max_used=9805Kb free=110258Kb
 bounds [0x0000021dc9070000, 0x0000021dc9a10000, 0x0000021dd05b0000]
CodeHeap 'profiled nmethods': size=120000Kb used=29894Kb max_used=29894Kb free=90105Kb
 bounds [0x0000021dc1b40000, 0x0000021dc3880000, 0x0000021dc9070000]
CodeHeap 'non-nmethods': size=5696Kb used=2323Kb max_used=2357Kb free=3372Kb
 bounds [0x0000021dc15b0000, 0x0000021dc1820000, 0x0000021dc1b40000]
 total_blobs=14597 nmethods=13660 adapters=848
 compilation: enabled
              stopped_count=0, restarted_count=0
 full_count=0

Compilation events (20 events):
Event: 367.190 Thread 0x0000021dd6cd2000 13748   !   3       com.google.common.util.concurrent.MoreExecutors$DirectExecutorService::execute (25 bytes)
Event: 367.191 Thread 0x0000021dd6cd2000 nmethod 13748 0x0000021dc3865190 code [0x0000021dc3865380, 0x0000021dc3865638]
Event: 367.191 Thread 0x0000021dd6cd2000 13749   !   3       com.google.common.util.concurrent.InterruptibleTask::run (461 bytes)
Event: 367.198 Thread 0x0000021dd6cd2000 nmethod 13749 0x0000021dc3865790 code [0x0000021dc3866240, 0x0000021dc386c848]
Event: 367.198 Thread 0x0000021dd6cd2000 13754       3       com.android.tools.r8.internal.kF0::<init> (37 bytes)
Event: 367.198 Thread 0x0000021dd6cd2000 nmethod 13754 0x0000021dc386e510 code [0x0000021dc386e6e0, 0x0000021dc386e9b8]
Event: 367.198 Thread 0x0000021dd6cd2000 13750       3       com.google.common.util.concurrent.TrustedListenableFutureTask$TrustedFutureInterruptibleTask::isDone (8 bytes)
Event: 367.198 Thread 0x0000021dd6cd2000 nmethod 13750 0x0000021dc386ea90 code [0x0000021dc386ec60, 0x0000021dc386efd8]
Event: 367.198 Thread 0x0000021dd6cd2000 13751       3       com.google.common.util.concurrent.TrustedListenableFutureTask$TrustedFutureInterruptibleTask::runInterruptibly (10 bytes)
Event: 367.198 Thread 0x0000021dd6cd2000 nmethod 13751 0x0000021dc386f110 code [0x0000021dc386f2c0, 0x0000021dc386f488]
Event: 367.199 Thread 0x0000021dd6cd2000 13752       3       com.google.common.util.concurrent.TrustedListenableFutureTask$TrustedFutureInterruptibleTask::<init> (21 bytes)
Event: 367.199 Thread 0x0000021dd6cd2000 nmethod 13752 0x0000021dc386f590 code [0x0000021dc386f780, 0x0000021dc386fca8]
Event: 367.199 Thread 0x0000021dd6cd2000 13753       3       com.google.common.util.concurrent.TrustedListenableFutureTask::run (19 bytes)
Event: 367.199 Thread 0x0000021dd6cd2000 nmethod 13753 0x0000021dc386fe90 code [0x0000021dc3870060, 0x0000021dc3870248]
Event: 367.199 Thread 0x0000021dd6cd2000 13756       1       com.android.tools.r8.graph.H::getType (5 bytes)
Event: 367.199 Thread 0x0000021dd6cd2000 nmethod 13756 0x0000021dc99fe510 code [0x0000021dc99fe6c0, 0x0000021dc99fe778]
Event: 367.259 Thread 0x0000021dd6cd1000 nmethod 13740 0x0000021dc99fe810 code [0x0000021dc99fea80, 0x0000021dc9a00fb8]
Event: 367.259 Thread 0x0000021dd6cd1000 13739       4       java.util.ArrayList::forEach (74 bytes)
Event: 367.261 Thread 0x0000021dd6cd1000 nmethod 13739 0x0000021dc9a02310 code [0x0000021dc9a024c0, 0x0000021dc9a02678]
Event: 367.261 Thread 0x0000021dd6cd1000 13745 %     4       com.android.tools.r8.internal.mH0::a @ 2572 (6068 bytes)

GC Heap History (20 events):
Event: 350.933 GC heap before
{Heap before GC invocations=74 (full 0):
 garbage-first heap   total 135168K, used 119127K [0x00000000a0000000, 0x0000000100000000)
  region size 1024K, 6 young (6144K), 1 survivors (1024K)
 Metaspace       used 97951K, capacity 100270K, committed 100516K, reserved 1136640K
  class space    used 12466K, capacity 13319K, committed 13440K, reserved 1048576K
}
Event: 350.934 GC heap after
{Heap after GC invocations=75 (full 0):
 garbage-first heap   total 135168K, used 114042K [0x00000000a0000000, 0x0000000100000000)
  region size 1024K, 1 young (1024K), 1 survivors (1024K)
 Metaspace       used 97951K, capacity 100270K, committed 100516K, reserved 1136640K
  class space    used 12466K, capacity 13319K, committed 13440K, reserved 1048576K
}
Event: 350.953 GC heap before
{Heap before GC invocations=75 (full 0):
 garbage-first heap   total 135168K, used 119162K [0x00000000a0000000, 0x0000000100000000)
  region size 1024K, 6 young (6144K), 1 survivors (1024K)
 Metaspace       used 97957K, capacity 100276K, committed 100516K, reserved 1136640K
  class space    used 12467K, capacity 13321K, committed 13440K, reserved 1048576K
}
Event: 350.955 GC heap after
{Heap after GC invocations=76 (full 0):
 garbage-first heap   total 135168K, used 114061K [0x00000000a0000000, 0x0000000100000000)
  region size 1024K, 1 young (1024K), 1 survivors (1024K)
 Metaspace       used 97957K, capacity 100276K, committed 100516K, reserved 1136640K
  class space    used 12467K, capacity 13321K, committed 13440K, reserved 1048576K
}
Event: 350.973 GC heap before
{Heap before GC invocations=76 (full 0):
 garbage-first heap   total 135168K, used 119181K [0x00000000a0000000, 0x0000000100000000)
  region size 1024K, 6 young (6144K), 1 survivors (1024K)
 Metaspace       used 97957K, capacity 100276K, committed 100516K, reserved 1136640K
  class space    used 12467K, capacity 13321K, committed 13440K, reserved 1048576K
}
Event: 350.974 GC heap after
{Heap after GC invocations=77 (full 0):
 garbage-first heap   total 135168K, used 114090K [0x00000000a0000000, 0x0000000100000000)
  region size 1024K, 1 young (1024K), 1 survivors (1024K)
 Metaspace       used 97957K, capacity 100276K, committed 100516K, reserved 1136640K
  class space    used 12467K, capacity 13321K, committed 13440K, reserved 1048576K
}
Event: 350.987 GC heap before
{Heap before GC invocations=77 (full 0):
 garbage-first heap   total 135168K, used 119210K [0x00000000a0000000, 0x0000000100000000)
  region size 1024K, 6 young (6144K), 1 survivors (1024K)
 Metaspace       used 97958K, capacity 100276K, committed 100516K, reserved 1136640K
  class space    used 12467K, capacity 13321K, committed 13440K, reserved 1048576K
}
Event: 350.988 GC heap after
{Heap after GC invocations=78 (full 0):
 garbage-first heap   total 135168K, used 114088K [0x00000000a0000000, 0x0000000100000000)
  region size 1024K, 1 young (1024K), 1 survivors (1024K)
 Metaspace       used 97958K, capacity 100276K, committed 100516K, reserved 1136640K
  class space    used 12467K, capacity 13321K, committed 13440K, reserved 1048576K
}
Event: 351.002 GC heap before
{Heap before GC invocations=78 (full 0):
 garbage-first heap   total 135168K, used 119208K [0x00000000a0000000, 0x0000000100000000)
  region size 1024K, 6 young (6144K), 1 survivors (1024K)
 Metaspace       used 97961K, capacity 100276K, committed 100516K, reserved 1136640K
  class space    used 12467K, capacity 13321K, committed 13440K, reserved 1048576K
}
Event: 351.004 GC heap after
{Heap after GC invocations=79 (full 0):
 garbage-first heap   total 135168K, used 114100K [0x00000000a0000000, 0x0000000100000000)
  region size 1024K, 1 young (1024K), 1 survivors (1024K)
 Metaspace       used 97961K, capacity 100276K, committed 100516K, reserved 1136640K
  class space    used 12467K, capacity 13321K, committed 13440K, reserved 1048576K
}
Event: 351.035 GC heap before
{Heap before GC invocations=79 (full 0):
 garbage-first heap   total 135168K, used 119220K [0x00000000a0000000, 0x0000000100000000)
  region size 1024K, 6 young (6144K), 1 survivors (1024K)
 Metaspace       used 97963K, capacity 100276K, committed 100516K, reserved 1136640K
  class space    used 12467K, capacity 13321K, committed 13440K, reserved 1048576K
}
Event: 351.036 GC heap after
{Heap after GC invocations=80 (full 0):
 garbage-first heap   total 135168K, used 114116K [0x00000000a0000000, 0x0000000100000000)
  region size 1024K, 1 young (1024K), 1 survivors (1024K)
 Metaspace       used 97963K, capacity 100276K, committed 100516K, reserved 1136640K
  class space    used 12467K, capacity 13321K, committed 13440K, reserved 1048576K
}
Event: 351.050 GC heap before
{Heap before GC invocations=80 (full 0):
 garbage-first heap   total 135168K, used 119236K [0x00000000a0000000, 0x0000000100000000)
  region size 1024K, 6 young (6144K), 1 survivors (1024K)
 Metaspace       used 97982K, capacity 100276K, committed 100516K, reserved 1136640K
  class space    used 12470K, capacity 13321K, committed 13440K, reserved 1048576K
}
Event: 351.052 GC heap after
{Heap after GC invocations=81 (full 0):
 garbage-first heap   total 135168K, used 114155K [0x00000000a0000000, 0x0000000100000000)
  region size 1024K, 1 young (1024K), 1 survivors (1024K)
 Metaspace       used 97982K, capacity 100276K, committed 100516K, reserved 1136640K
  class space    used 12470K, capacity 13321K, committed 13440K, reserved 1048576K
}
Event: 351.067 GC heap before
{Heap before GC invocations=81 (full 0):
 garbage-first heap   total 135168K, used 119275K [0x00000000a0000000, 0x0000000100000000)
  region size 1024K, 6 young (6144K), 1 survivors (1024K)
 Metaspace       used 97984K, capacity 100276K, committed 100516K, reserved 1136640K
  class space    used 12470K, capacity 13321K, committed 13440K, reserved 1048576K
}
Event: 351.068 GC heap after
{Heap after GC invocations=82 (full 0):
 garbage-first heap   total 135168K, used 114217K [0x00000000a0000000, 0x0000000100000000)
  region size 1024K, 1 young (1024K), 1 survivors (1024K)
 Metaspace       used 97984K, capacity 100276K, committed 100516K, reserved 1136640K
  class space    used 12470K, capacity 13321K, committed 13440K, reserved 1048576K
}
Event: 352.518 GC heap before
{Heap before GC invocations=83 (full 0):
 garbage-first heap   total 135168K, used 118313K [0x00000000a0000000, 0x0000000100000000)
  region size 1024K, 6 young (6144K), 1 survivors (1024K)
 Metaspace       used 98023K, capacity 100392K, committed 100772K, reserved 1136640K
  class space    used 12480K, capacity 13317K, committed 13440K, reserved 1048576K
}
Event: 352.523 GC heap after
{Heap after GC invocations=84 (full 0):
 garbage-first heap   total 223232K, used 114480K [0x00000000a0000000, 0x0000000100000000)
  region size 1024K, 1 young (1024K), 1 survivors (1024K)
 Metaspace       used 98023K, capacity 100392K, committed 100772K, reserved 1136640K
  class space    used 12480K, capacity 13317K, committed 13440K, reserved 1048576K
}
Event: 355.850 GC heap before
{Heap before GC invocations=84 (full 0):
 garbage-first heap   total 223232K, used 124720K [0x00000000a0000000, 0x0000000100000000)
  region size 1024K, 10 young (10240K), 1 survivors (1024K)
 Metaspace       used 99346K, capacity 101786K, committed 101924K, reserved 1138688K
  class space    used 12683K, capacity 13548K, committed 13568K, reserved 1048576K
}
Event: 355.854 GC heap after
{Heap after GC invocations=85 (full 0):
 garbage-first heap   total 223232K, used 114612K [0x00000000a0000000, 0x0000000100000000)
  region size 1024K, 1 young (1024K), 1 survivors (1024K)
 Metaspace       used 99346K, capacity 101786K, committed 101924K, reserved 1138688K
  class space    used 12683K, capacity 13548K, committed 13568K, reserved 1048576K
}

Deoptimization events (20 events):
Event: 354.290 Thread 0x0000021dd8613000 DEOPT PACKING pc=0x0000021dc9765a68 sp=0x00000087944fe990
Event: 354.290 Thread 0x0000021dd8613000 DEOPT UNPACKING pc=0x0000021dc15d662f sp=0x00000087944fe8d8 mode 2
Event: 354.290 Thread 0x0000021ddaed9800 Uncommon trap: trap_request=0xffffff4d fr.pc=0x0000021dc95c90ac relative=0x000000000000046c
Event: 354.290 Thread 0x0000021ddaed9800 Uncommon trap: reason=unstable_if action=reinterpret pc=0x0000021dc95c90ac method=java.io.ObjectOutputStream$BlockDataOutputStream.writeBytes(Ljava/lang/String;)V @ 22 c2
Event: 354.290 Thread 0x0000021ddaed9800 DEOPT PACKING pc=0x0000021dc95c90ac sp=0x00000087977fcdd0
Event: 354.290 Thread 0x0000021ddaed9800 DEOPT UNPACKING pc=0x0000021dc15d662f sp=0x00000087977fcd58 mode 2
Event: 354.846 Thread 0x0000021ddaedb800 DEOPT PACKING pc=0x0000021dc346af9c sp=0x0000008797dfcef0
Event: 354.846 Thread 0x0000021ddaedb800 DEOPT UNPACKING pc=0x0000021dc15d6dde sp=0x0000008797dfc3b8 mode 0
Event: 354.846 Thread 0x0000021ddaedb800 DEOPT PACKING pc=0x0000021dc321142c sp=0x0000008797dfd460
Event: 354.846 Thread 0x0000021ddaedb800 DEOPT UNPACKING pc=0x0000021dc15d6dde sp=0x0000008797dfca10 mode 0
Event: 355.987 Thread 0x0000021ddae2b000 DEOPT PACKING pc=0x0000021dc34b08f6 sp=0x00000087950f8050
Event: 355.987 Thread 0x0000021ddae2b000 DEOPT UNPACKING pc=0x0000021dc15d6dde sp=0x00000087950f7570 mode 0
Event: 356.080 Thread 0x0000021ddae2c800 Uncommon trap: trap_request=0xffffff4d fr.pc=0x0000021dc99a68dc relative=0x00000000000006fc
Event: 356.080 Thread 0x0000021ddae2c800 Uncommon trap: reason=unstable_if action=reinterpret pc=0x0000021dc99a68dc method=java.util.regex.Pattern$SliceU.match(Ljava/util/regex/Matcher;ILjava/lang/CharSequence;)Z @ 29 c2
Event: 356.080 Thread 0x0000021ddae2c800 DEOPT PACKING pc=0x0000021dc99a68dc sp=0x0000008794efb490
Event: 356.080 Thread 0x0000021ddae2c800 DEOPT UNPACKING pc=0x0000021dc15d662f sp=0x0000008794efb418 mode 2
Event: 360.412 Thread 0x0000021ddae2c800 Uncommon trap: trap_request=0xffffff4d fr.pc=0x0000021dc99d9718 relative=0x0000000000001ab8
Event: 360.412 Thread 0x0000021ddae2c800 Uncommon trap: reason=unstable_if action=reinterpret pc=0x0000021dc99d9718 method=com.android.tools.r8.internal.KK0.e(Ljava/lang/String;)[Ljava/lang/String; @ 149 c2
Event: 360.412 Thread 0x0000021ddae2c800 DEOPT PACKING pc=0x0000021dc99d9718 sp=0x0000008794ef9700
Event: 360.412 Thread 0x0000021ddae2c800 DEOPT UNPACKING pc=0x0000021dc15d662f sp=0x0000008794ef96e8 mode 2

Classes redefined (0 events):
No events

Internal exceptions (20 events):
Event: 329.778 Thread 0x0000021ddaee0000 Exception <a 'java/lang/NoSuchMethodError'{0x00000000a7d51d60}: 'java.lang.Object java.lang.invoke.DirectMethodHandle$Holder.invokeStaticInit(java.lang.Object, java.lang.Object, long, java.lang.Object)'> (0x00000000a7d51d60) thrown at [./src/hotspot/share/interpreter/linkResolver.cpp, line 773]
Event: 329.778 Thread 0x0000021ddaee0000 Exception <a 'java/lang/NoSuchMethodError'{0x00000000a7d59210}: 'java.lang.Object java.lang.invoke.DirectMethodHandle$Holder.invokeStatic(java.lang.Object, java.lang.Object, long)'> (0x00000000a7d59210) thrown at [./src/hotspot/share/interpreter/linkResolver.cpp, line 773]
Event: 329.779 Thread 0x0000021ddaee0000 Exception <a 'java/lang/NoSuchMethodError'{0x00000000a7d607e0}: 'java.lang.Object java.lang.invoke.Invokers$Holder.linkToTargetMethod(java.lang.Object, long, java.lang.Object)'> (0x00000000a7d607e0) thrown at [./src/hotspot/share/interpreter/linkResolver.cpp, line 773]
Event: 348.291 Thread 0x0000021ddae2b000 Exception <a 'sun/nio/fs/WindowsException'{0x00000000a81291e0}> (0x00000000a81291e0) thrown at [./src/hotspot/share/prims/jni.cpp, line 615]
Event: 348.291 Thread 0x0000021dd9780000 Exception <a 'sun/nio/fs/WindowsException'{0x00000000a813cb10}> (0x00000000a813cb10) thrown at [./src/hotspot/share/prims/jni.cpp, line 615]
Event: 348.326 Thread 0x0000021ddaed9800 Exception <a 'java/lang/NoSuchMethodError'{0x00000000a81908e0}: 'java.lang.Object java.lang.invoke.DirectMethodHandle$Holder.invokeVirtual(java.lang.Object, java.lang.Object, int)'> (0x00000000a81908e0) thrown at [./src/hotspot/share/interpreter/linkResolver.cpp, line 773]
Event: 350.719 Thread 0x0000021ddaed9800 Implicit null exception at 0x0000021dc98eefea to 0x0000021dc98ef03c
Event: 350.719 Thread 0x0000021ddaed9800 Implicit null exception at 0x0000021dc98a5a50 to 0x0000021dc98a5a64
Event: 352.733 Thread 0x0000021ddaee0000 Exception <a 'java/lang/NoSuchMethodError'{0x00000000ad964c48}: 'int java.lang.invoke.DirectMethodHandle$Holder.invokeSpecialIFC(java.lang.Object, java.lang.Object, java.lang.Object)'> (0x00000000ad964c48) thrown at [./src/hotspot/share/interpreter/linkResolver.cpp, line 773]
Event: 354.520 Thread 0x0000021dd9780000 Exception <a 'java/lang/NoSuchMethodError'{0x00000000ad40dab0}: 'java.lang.Object java.lang.invoke.DirectMethodHandle$Holder.invokeStaticInit(java.lang.Object, java.lang.Object, java.lang.Object, java.lang.Object, java.lang.Object, java.lang.Object, java.lang.Object, java.lang.Object, java.lang.Object, java.lang.Object, java.lang.Object, java.lang.Object, java.lang.Object, java.lang.Object, java.lang.Object, java.lang.Object, java.lang.Object, java.lang.Object, int, java.lang.Object, java.lang.Object)'> (0
Event: 355.060 Thread 0x0000021ddae2b000 Exception <a 'java/lang/IncompatibleClassChangeError'{0x00000000ad237730}: Found class java.lang.Object, but interface was expected> (0x00000000ad237730) thrown at [./src/hotspot/share/interpreter/linkResolver.cpp, line 839]
Event: 355.060 Thread 0x0000021dd9780000 Exception <a 'java/lang/IncompatibleClassChangeError'{0x00000000ad233e18}: Found class java.lang.Object, but interface was expected> (0x00000000ad233e18) thrown at [./src/hotspot/share/interpreter/linkResolver.cpp, line 839]
Event: 356.094 Thread 0x0000021ddae2c800 Exception <a 'sun/nio/fs/WindowsException'{0x00000000ad596ab8}> (0x00000000ad596ab8) thrown at [./src/hotspot/share/prims/jni.cpp, line 615]
Event: 356.346 Thread 0x0000021ddae2b000 Exception <a 'java/lang/NoSuchMethodError'{0x00000000ad406300}: 'long java.lang.invoke.DirectMethodHandle$Holder.invokeStatic(java.lang.Object, long, java.lang.Object)'> (0x00000000ad406300) thrown at [./src/hotspot/share/interpreter/linkResolver.cpp, line 773]
Event: 358.390 Thread 0x0000021ddae2c800 Exception <a 'java/lang/NoSuchMethodError'{0x00000000acbbd028}: 'int java.lang.invoke.DirectMethodHandle$Holder.invokeVirtual(java.lang.Object, java.lang.Object, java.lang.Object, java.lang.Object)'> (0x00000000acbbd028) thrown at [./src/hotspot/share/interpreter/linkResolver.cpp, line 773]
Event: 359.097 Thread 0x0000021ddae2c800 Exception <a 'java/lang/IncompatibleClassChangeError'{0x00000000ac995240}: Found class java.lang.Object, but interface was expected> (0x00000000ac995240) thrown at [./src/hotspot/share/interpreter/linkResolver.cpp, line 839]
Event: 359.099 Thread 0x0000021ddae2c800 Exception <a 'java/lang/NoSuchMethodError'{0x00000000ac9efcb0}: 'int java.lang.invoke.DirectMethodHandle$Holder.invokeVirtual(java.lang.Object, java.lang.Object, java.lang.Object)'> (0x00000000ac9efcb0) thrown at [./src/hotspot/share/interpreter/linkResolver.cpp, line 773]
Event: 366.332 Thread 0x0000021ddae2b000 Exception <a 'java/lang/NoSuchMethodError'{0x00000000aba82ca8}: 'java.lang.Object java.lang.invoke.DirectMethodHandle$Holder.invokeStatic(java.lang.Object, int, java.lang.Object, java.lang.Object)'> (0x00000000aba82ca8) thrown at [./src/hotspot/share/interpreter/linkResolver.cpp, line 773]
Event: 366.333 Thread 0x0000021ddae2c800 Exception <a 'java/lang/NoSuchMethodError'{0x00000000abaca9e0}: 'java.lang.Object java.lang.invoke.DirectMethodHandle$Holder.invokeStatic(java.lang.Object, int, java.lang.Object, java.lang.Object)'> (0x00000000abaca9e0) thrown at [./src/hotspot/share/interpreter/linkResolver.cpp, line 773]
Event: 366.334 Thread 0x0000021dd9780000 Exception <a 'java/lang/NoSuchMethodError'{0x00000000abaa1c98}: 'java.lang.Object java.lang.invoke.DirectMethodHandle$Holder.invokeStatic(java.lang.Object, int, java.lang.Object, java.lang.Object)'> (0x00000000abaa1c98) thrown at [./src/hotspot/share/interpreter/linkResolver.cpp, line 773]

Events (20 events):
Event: 367.165 loading class com/android/tools/r8/internal/MP0
Event: 367.165 loading class com/android/tools/r8/internal/MP0 done
Event: 367.165 loading class com/android/tools/r8/internal/VD0
Event: 367.165 loading class com/android/tools/r8/internal/VD0 done
Event: 367.167 loading class com/android/tools/r8/internal/WD0
Event: 367.167 loading class com/android/tools/r8/internal/WD0 done
Event: 367.167 loading class com/android/tools/r8/graph/S0
Event: 367.167 loading class com/android/tools/r8/graph/S0 done
Event: 367.167 loading class com/android/tools/r8/ir/conversion/p
Event: 367.167 loading class com/android/tools/r8/ir/conversion/p done
Event: 367.168 loading class com/android/tools/r8/graph/g0
Event: 367.168 loading class com/android/tools/r8/graph/g0 done
Event: 367.168 loading class com/android/tools/r8/internal/vY0
Event: 367.168 loading class com/android/tools/r8/internal/vY0 done
Event: 367.290 loading class com/android/tools/r8/internal/rY0
Event: 367.290 loading class com/android/tools/r8/internal/rY0 done
Event: 367.331 loading class com/android/tools/r8/internal/CY0
Event: 367.331 loading class com/android/tools/r8/internal/CY0 done
Event: 367.345 loading class com/android/tools/r8/internal/I
Event: 367.345 loading class com/android/tools/r8/internal/I done


Dynamic libraries:
0x00007ff74f370000 - 0x00007ff74f37a000 	C:\Program Files\Android\Android Studio\jre\bin\java.exe
0x00007ff902f60000 - 0x00007ff903150000 	C:\Windows\SYSTEM32\ntdll.dll
0x00007ff9013e0000 - 0x00007ff901492000 	C:\Windows\System32\KERNEL32.DLL
0x00007ff900d10000 - 0x00007ff900fb3000 	C:\Windows\System32\KERNELBASE.dll
0x00007ff900ac0000 - 0x00007ff900bba000 	C:\Windows\System32\ucrtbase.dll
0x00007ff8ed100000 - 0x00007ff8ed117000 	C:\Program Files\Android\Android Studio\jre\bin\VCRUNTIME140.dll
0x00007ff8ecd70000 - 0x00007ff8ecd89000 	C:\Program Files\Android\Android Studio\jre\bin\jli.dll
0x00007ff902780000 - 0x00007ff902914000 	C:\Windows\System32\USER32.dll
0x00007ff8ffef0000 - 0x00007ff8fff11000 	C:\Windows\System32\win32u.dll
0x00007ff902740000 - 0x00007ff902766000 	C:\Windows\System32\GDI32.dll
0x00007ff8fff20000 - 0x00007ff9000b4000 	C:\Windows\System32\gdi32full.dll
0x00007ff8f8cb0000 - 0x00007ff8f8f35000 	C:\Windows\WinSxS\amd64_microsoft.windows.common-controls_6595b64144ccf1df_6.0.18362.592_none_e6c0b1911312be02\COMCTL32.dll
0x00007ff900c70000 - 0x00007ff900d0e000 	C:\Windows\System32\msvcp_win.dll
0x00007ff902c00000 - 0x00007ff902c9e000 	C:\Windows\System32\msvcrt.dll
0x00007ff9010a0000 - 0x00007ff9013d6000 	C:\Windows\System32\combase.dll
0x00007ff901b60000 - 0x00007ff901c80000 	C:\Windows\System32\RPCRT4.dll
0x00007ff900170000 - 0x00007ff9001f0000 	C:\Windows\System32\bcryptPrimitives.dll
0x00007ff901b30000 - 0x00007ff901b5e000 	C:\Windows\System32\IMM32.DLL
0x00007ff8ffb30000 - 0x00007ff8ffc27000 	C:\Windows\system32\guard64.dll
0x00007ff902e70000 - 0x00007ff902f13000 	C:\Windows\System32\ADVAPI32.dll
0x00007ff901550000 - 0x00007ff9015e7000 	C:\Windows\System32\sechost.dll
0x00007ff8ffb20000 - 0x00007ff8ffb2a000 	C:\Windows\system32\version.dll
0x00007ff902920000 - 0x00007ff902a76000 	C:\Windows\System32\ole32.dll
0x00007ff8ffb10000 - 0x00007ff8ffb1a000 	C:\Windows\system32\fltlib.dll
0x00007ff901dc0000 - 0x00007ff9024a5000 	C:\Windows\System32\shell32.dll
0x00007ff900fc0000 - 0x00007ff90100a000 	C:\Windows\System32\cfgmgr32.dll
0x00007ff902a80000 - 0x00007ff902b29000 	C:\Windows\System32\shcore.dll
0x00007ff900340000 - 0x00007ff900abf000 	C:\Windows\System32\windows.storage.dll
0x00007ff8ffed0000 - 0x00007ff8ffeef000 	C:\Windows\System32\profapi.dll
0x00007ff8ffe60000 - 0x00007ff8ffeaa000 	C:\Windows\System32\powrprof.dll
0x00007ff8ffe30000 - 0x00007ff8ffe40000 	C:\Windows\System32\UMPDC.dll
0x00007ff9026e0000 - 0x00007ff902732000 	C:\Windows\System32\shlwapi.dll
0x00007ff8ffe40000 - 0x00007ff8ffe51000 	C:\Windows\System32\kernel.appcore.dll
0x00007ff900bc0000 - 0x00007ff900bd7000 	C:\Windows\System32\cryptsp.dll
0x00007ff8d5870000 - 0x00007ff8d590d000 	C:\Program Files\Android\Android Studio\jre\bin\msvcp140.dll
0x00007ff89e520000 - 0x00007ff89eff5000 	C:\Program Files\Android\Android Studio\jre\bin\server\jvm.dll
0x00007ff901010000 - 0x00007ff901018000 	C:\Windows\System32\PSAPI.DLL
0x00007ff8ebef0000 - 0x00007ff8ebef9000 	C:\Windows\SYSTEM32\WSOCK32.dll
0x00007ff9024b0000 - 0x00007ff90251f000 	C:\Windows\System32\WS2_32.dll
0x00007ff8fc630000 - 0x00007ff8fc654000 	C:\Windows\SYSTEM32\WINMM.dll
0x00007ff8fc600000 - 0x00007ff8fc62d000 	C:\Windows\SYSTEM32\WINMMBASE.dll
0x00007ff8f2110000 - 0x00007ff8f2121000 	C:\Program Files\Android\Android Studio\jre\bin\verify.dll
0x00007ff8fdf50000 - 0x00007ff8fe144000 	C:\Windows\SYSTEM32\DBGHELP.DLL
0x00007ff8ee840000 - 0x00007ff8ee86a000 	C:\Windows\SYSTEM32\dbgcore.DLL
0x00007ff8f20e0000 - 0x00007ff8f2109000 	C:\Program Files\Android\Android Studio\jre\bin\java.dll
0x00007ff8f8c30000 - 0x00007ff8f8c3b000 	C:\Program Files\Android\Android Studio\jre\bin\jimage.dll
0x00007ff8f20c0000 - 0x00007ff8f20d8000 	C:\Program Files\Android\Android Studio\jre\bin\zip.dll
0x00007ff8f20a0000 - 0x00007ff8f20ba000 	C:\Program Files\Android\Android Studio\jre\bin\net.dll
0x00007ff8f38d0000 - 0x00007ff8f39c0000 	C:\Windows\SYSTEM32\WINHTTP.dll
0x00007ff8ff520000 - 0x00007ff8ff587000 	C:\Windows\system32\mswsock.dll
0x00007ff8f2080000 - 0x00007ff8f2094000 	C:\Program Files\Android\Android Studio\jre\bin\nio.dll
0x00007ff8c4790000 - 0x00007ff8c47b7000 	C:\Users\user\AndroidStudioProjects\probelalkhan-FirebaseRealtimeDatabaseTutorial-145d992\native\e1d6ef7f7dcc3fd88c89a11ec53ec762bb8ba0a96d01ffa2cd45eb1d1d8dd5c5\windows-amd64\native-platform.dll
0x00007ff8ca4e0000 - 0x00007ff8ca624000 	C:\Users\user\AndroidStudioProjects\probelalkhan-FirebaseRealtimeDatabaseTutorial-145d992\native\5664cfc778a61ccfe75a443a1ab52a65af34e5dc3c78e0209fed803814484fcb\windows-amd64\native-platform-file-events.dll
0x00007ff8f2070000 - 0x00007ff8f207a000 	C:\Program Files\Android\Android Studio\jre\bin\management.dll
0x00007ff8f2060000 - 0x00007ff8f206d000 	C:\Program Files\Android\Android Studio\jre\bin\management_ext.dll
0x00007ff8ff090000 - 0x00007ff8ff0c3000 	C:\Windows\system32\rsaenh.dll
0x00007ff900c40000 - 0x00007ff900c66000 	C:\Windows\System32\bcrypt.dll
0x00007ff8ffd20000 - 0x00007ff8ffd45000 	C:\Windows\SYSTEM32\USERENV.dll
0x00007ff8ff750000 - 0x00007ff8ff75c000 	C:\Windows\SYSTEM32\CRYPTBASE.dll
0x00007ff8ff230000 - 0x00007ff8ff26a000 	C:\Windows\SYSTEM32\IPHLPAPI.DLL
0x00007ff902770000 - 0x00007ff902778000 	C:\Windows\System32\NSI.dll
0x00007ff8f2c40000 - 0x00007ff8f2c56000 	C:\Windows\SYSTEM32\dhcpcsvc6.DLL
0x00007ff8f2c20000 - 0x00007ff8f2c3c000 	C:\Windows\SYSTEM32\dhcpcsvc.DLL
0x00007ff8ff280000 - 0x00007ff8ff34a000 	C:\Windows\SYSTEM32\DNSAPI.dll
0x00007ff8fed70000 - 0x00007ff8feda1000 	C:\Windows\SYSTEM32\ntmarta.dll

dbghelp: loaded successfully - version: 4.0.5 - missing functions: none
symbol engine: initialized successfully - sym options: 0x614 - pdb path: .;C:\Program Files\Android\Android Studio\jre\bin;C:\Windows\SYSTEM32;C:\Windows\WinSxS\amd64_microsoft.windows.common-controls_6595b64144ccf1df_6.0.18362.592_none_e6c0b1911312be02;C:\Program Files\Android\Android Studio\jre\bin\server;C:\Users\user\AndroidStudioProjects\probelalkhan-FirebaseRealtimeDatabaseTutorial-145d992\native\e1d6ef7f7dcc3fd88c89a11ec53ec762bb8ba0a96d01ffa2cd45eb1d1d8dd5c5\windows-amd64;C:\Users\user\AndroidStudioProjects\probelalkhan-FirebaseRealtimeDatabaseTutorial-145d992\native\5664cfc778a61ccfe75a443a1ab52a65af34e5dc3c78e0209fed803814484fcb\windows-amd64

VM Arguments:
jvm_args: --add-opens=java.base/java.util=ALL-UNNAMED --add-opens=java.base/java.lang=ALL-UNNAMED --add-opens=java.base/java.lang.invoke=ALL-UNNAMED --add-opens=java.base/java.util=ALL-UNNAMED --add-opens=java.prefs/java.util.prefs=ALL-UNNAMED --add-opens=java.prefs/java.util.prefs=ALL-UNNAMED --add-opens=java.base/java.nio.charset=ALL-UNNAMED --add-opens=java.base/java.net=ALL-UNNAMED --add-opens=java.base/java.util.concurrent.atomic=ALL-UNNAMED -Xmx1536m -Dfile.encoding=windows-1252 -Duser.country=US -Duser.language=en -Duser.variant 
java_command: org.gradle.launcher.daemon.bootstrap.GradleDaemon 7.2
java_class_path (initial): C:\Users\user\AndroidStudioProjects\probelalkhan-FirebaseRealtimeDatabaseTutorial-145d992\wrapper\dists\gradle-7.2-bin\2dnblmf4td7x66yl1d74lt32g\gradle-7.2\lib\gradle-launcher-7.2.jar
Launcher Type: SUN_STANDARD

[Global flags]
     intx CICompilerCount                          = 3                                         {product} {ergonomic}
     uint ConcGCThreads                            = 1                                         {product} {ergonomic}
     uint G1ConcRefinementThreads                  = 4                                         {product} {ergonomic}
   size_t G1HeapRegionSize                         = 1048576                                   {product} {ergonomic}
    uintx GCDrainStackTargetSize                   = 64                                        {product} {ergonomic}
   size_t InitialHeapSize                          = 134217728                                 {product} {ergonomic}
   size_t MarkStackSize                            = 4194304                                   {product} {ergonomic}
   size_t MaxHeapSize                              = 1610612736                                {product} {command line}
   size_t MaxNewSize                               = 965738496                                 {product} {ergonomic}
   size_t MinHeapDeltaBytes                        = 1048576                                   {product} {ergonomic}
    uintx NonNMethodCodeHeapSize                   = 5830732                                {pd product} {ergonomic}
    uintx NonProfiledCodeHeapSize                  = 122913754                              {pd product} {ergonomic}
    uintx ProfiledCodeHeapSize                     = 122913754                              {pd product} {ergonomic}
    uintx ReservedCodeCacheSize                    = 251658240                              {pd product} {ergonomic}
     bool SegmentedCodeCache                       = true                                      {product} {ergonomic}
     bool UseCompressedClassPointers               = true                                 {lp64_product} {ergonomic}
     bool UseCompressedOops                        = true                                 {lp64_product} {ergonomic}
     bool UseG1GC                                  = true                                      {product} {ergonomic}
     bool UseLargePagesIndividualAllocation        = false                                  {pd product} {ergonomic}

Logging:
Log output configuration:
 #0: stdout all=warning uptime,level,tags
 #1: stderr all=off uptime,level,tags

Environment Variables:
JAVA_HOME=C:\Progra~1\Java\<graalvm>
PATH=C:\Program Files\Eclipse Adoptium\jdk-17.0.7.7-hotspot\bin;C:\Progra~1\Java\<graalvm>\bin;C:\Program Files\Common Files\Oracle\Java\javapath;C:\oraclexe\app\oracle\product\11.2.0\server\bin;C:\Program Files (x86)\Falcon\MinGW\bin;C:\Windows\system32;C:\Windows;C:\Windows\System32\Wbem;C:\Windows\System32\WindowsPowerShell\v1.0\;C:\Windows\System32\OpenSSH\;C:\Program Files\Git\cmd;C:\Program Files (x86)\Common Files\Intuit\QBPOSSDKRuntime;C:\Users\user\AppData\Local\Microsoft\WindowsApps;C:\Users\user\AppData\Local\Programs\Microsoft VS Code\bin;C:\Program Files\dotnet\;C:\Users\user\AppData\Local\Microsoft\WindowsApps;C:\Users\user\AppData\Local\Programs\Microsoft VS Code\bin;C:\Program Files\JetBrains\IntelliJ IDEA Community Edition 2023.1\bin;;C:\Users\user\.dotnet\tools
USERNAME=user
OS=Windows_NT
PROCESSOR_IDENTIFIER=Intel64 Family 6 Model 142 Stepping 10, GenuineIntel



---------------  S Y S T E M  ---------------

OS: Windows 10 , 64 bit Build 18362 (10.0.18362.329)
OS uptime: 2 days 16:43 hours

CPU:total 4 (initial active 4) (2 cores per cpu, 2 threads per core) family 6 model 142 stepping 10 microcode 0xc6, cmov, cx8, fxsr, mmx, sse, sse2, sse3, ssse3, sse4.1, sse4.2, popcnt, avx, avx2, aes, clmul, erms, 3dnowpref, lzcnt, ht, tsc, tscinvbit, bmi1, bmi2, adx, fma

Memory: 4k page, system-wide physical 8097M (399M free)
TotalPageFile size 14241M (AvailPageFile size 23M)
current process WorkingSet (physical memory assigned to process): 424M, peak: 424M
current process commit charge ("private bytes"): 528M, peak: 529M

vm_info: OpenJDK 64-Bit Server VM (11.0.11+9-b60-7590822) for windows-amd64 JRE (11.0.11+9-b60-7590822), built on Jul 29 2021 21:43:44 by "builder" with MS VC++ 14.0 (VS2015)

END.
